#
# There is insufficient memory for the Java Runtime Environment to continue.
# Native memory allocation (malloc) failed to allocate 784976 bytes for Chunk::new
# Possible reasons:
#   The system is out of physical RAM or swap space
#   In 32 bit mode, the process size limit was hit
# Possible solutions:
#   Reduce memory load on the system
#   Increase physical memory or swap space
#   Check if swap backing store is full
#   Use 64 bit Java on a 64 bit OS
#   Decrease Java heap size (-Xmx/-Xms)
#   Decrease number of Java threads
#   Decrease Java thread stack sizes (-Xss)
#   Set larger code cache with -XX:ReservedCodeCacheSize=
# This output file may be truncated or incomplete.
#
#  Out of Memory Error (allocation.cpp:390), pid=10436, tid=0x00000000000000e8
#
# JRE version: Java(TM) SE Runtime Environment (8.0_151-b12) (build 1.8.0_151-b12)
# Java VM: Java HotSpot(TM) 64-Bit Server VM (25.151-b12 mixed mode windows-amd64 compressed oops)
# Failed to write core dump. Minidumps are not enabled by default on client versions of Windows
#

---------------  T H R E A D  ---------------

Current thread (0x0000000017081800):  JavaThread "C2 CompilerThread0" daemon [_thread_in_native, id=232, stack(0x00000000186c0000,0x00000000187c0000)]

Stack: [0x00000000186c0000,0x00000000187c0000]
[error occurred during error reporting (printing stack bounds), id 0xc0000005]

Native frames: (J=compiled Java code, j=interpreted, Vv=VM code, C=native code)


Current CompileTask:
C2:   2525 1321       4       java.net.URLClassLoader$1::run (5 bytes)


---------------  P R O C E S S  ---------------

Java Threads: ( => current thread )
  0x000000001a314800 JavaThread "Cache worker for file hash cache (C:\Users\carlos.sanchez-v\Downloads\Spring-Boot\.gradle\4.5.1\fileHashes)" [_thread_blocked, id=7012, stack(0x000000001cf80000,0x000000001d080000)]
  0x000000001a315000 JavaThread "File lock request listener" [_thread_in_native, id=596, stack(0x000000001ce80000,0x000000001cf80000)]
  0x0000000019eb4800 JavaThread "Cache worker for file hash cache (C:\Users\carlos.sanchez-v\.gradle\caches\4.5.1\fileHashes)" [_thread_blocked, id=8036, stack(0x000000001cb80000,0x000000001cc80000)]
  0x0000000019eb2800 JavaThread "Stdin handler" [_thread_blocked, id=11224, stack(0x000000001ca80000,0x000000001cb80000)]
  0x0000000019eae000 JavaThread "Asynchronous log dispatcher for DefaultDaemonConnection: socket connection from /127.0.0.1:52772 to /127.0.0.1:52773" [_thread_blocked, id=352, stack(0x000000001c980000,0x000000001ca80000)]
  0x0000000019eb3000 JavaThread "Daemon worker" [_thread_in_native, id=10460, stack(0x000000001c880000,0x000000001c980000)]
  0x0000000019eb1800 JavaThread "Cancel handler" [_thread_blocked, id=992, stack(0x000000001c780000,0x000000001c880000)]
  0x0000000019eb1000 JavaThread "Handler for socket connection from /127.0.0.1:52772 to /127.0.0.1:52773" [_thread_in_native, id=8760, stack(0x000000001c480000,0x000000001c580000)]
  0x0000000019eb4000 JavaThread "Daemon" [_thread_blocked, id=5744, stack(0x000000001c380000,0x000000001c480000)]
  0x0000000019eb0000 JavaThread "Daemon periodic checks" [_thread_blocked, id=10572, stack(0x000000001c280000,0x000000001c380000)]
  0x0000000019eaf800 JavaThread "Incoming local TCP Connector on port 52772" [_thread_in_native, id=5892, stack(0x000000001bda0000,0x000000001bea0000)]
  0x0000000019eae800 JavaThread "Daemon health stats" [_thread_blocked, id=8708, stack(0x000000001b760000,0x000000001b860000)]
  0x00000000170dd800 JavaThread "Service Thread" daemon [_thread_blocked, id=10800, stack(0x0000000018dc0000,0x0000000018ec0000)]
  0x0000000017086800 JavaThread "C1 CompilerThread2" daemon [_thread_in_vm, id=9504, stack(0x00000000188c0000,0x00000000189c0000)]
  0x0000000017083800 JavaThread "C2 CompilerThread1" daemon [_thread_in_native, id=2768, stack(0x00000000187c0000,0x00000000188c0000)]
=>0x0000000017081800 JavaThread "C2 CompilerThread0" daemon [_thread_in_native, id=232, stack(0x00000000186c0000,0x00000000187c0000)]
  0x0000000017080000 JavaThread "Attach Listener" daemon [_thread_blocked, id=8668, stack(0x00000000185c0000,0x00000000186c0000)]
  0x000000001707d000 JavaThread "Signal Dispatcher" daemon [_thread_blocked, id=6816, stack(0x00000000184c0000,0x00000000185c0000)]
  0x000000001706a800 JavaThread "Finalizer" daemon [_thread_blocked, id=4544, stack(0x00000000182d0000,0x00000000183d0000)]
  0x0000000004910000 JavaThread "Reference Handler" daemon [_thread_blocked, id=8512, stack(0x00000000181d0000,0x00000000182d0000)]
  0x00000000049ae000 JavaThread "main" [_thread_blocked, id=3908, stack(0x00000000046b0000,0x00000000047b0000)]

Other Threads:
  0x0000000017047800 VMThread [stack: 0x00000000180d0000,0x00000000181d0000] [id=9152]
  0x0000000018a08000 WatcherThread [stack: 0x0000000018ec0000,0x0000000018fc0000] [id=1892]

VM state:not at safepoint (normal execution)

VM Mutex/Monitor currently owned by a thread: None

Heap:
 PSYoungGen      total 38400K, used 19414K [0x00000000eab00000, 0x00000000ef600000, 0x0000000100000000)
  eden space 33280K, 42% used [0x00000000eab00000,0x00000000eb8f8de8,0x00000000ecb80000)
  from space 5120K, 99% used [0x00000000ecb80000,0x00000000ed07ce00,0x00000000ed080000)
  to   space 5120K, 0% used [0x00000000ef100000,0x00000000ef100000,0x00000000ef600000)
 ParOldGen       total 87552K, used 1888K [0x00000000c0000000, 0x00000000c5580000, 0x00000000eab00000)
  object space 87552K, 2% used [0x00000000c0000000,0x00000000c01d8000,0x00000000c5580000)
 Metaspace       used 15563K, capacity 15878K, committed 16000K, reserved 1062912K
  class space    used 2259K, capacity 2371K, committed 2432K, reserved 1048576K

Card table byte_map: [0x0000000013d70000,0x0000000013f80000] byte_map_base: 0x0000000013770000

Marking Bits: (ParMarkBitMap*) 0x00000000753cd850
 Begin Bits: [0x00000000144e0000, 0x00000000154e0000)
 End Bits:   [0x00000000154e0000, 0x00000000164e0000)

Polling page: 0x00000000005f0000

CodeCache: size=245760Kb used=4952Kb max_used=4952Kb free=240807Kb
 bounds [0x00000000049b0000, 0x0000000004e90000, 0x00000000139b0000]
 total_blobs=1800 nmethods=1426 adapters=287
 compilation: enabled

Compilation events (10 events):
Event: 2.304 Thread 0x0000000017086800 1323       3       java.lang.Class::privateGetDeclaredFields (67 bytes)
Event: 2.304 Thread 0x0000000017086800 nmethod 1323 0x0000000004e48250 code [0x0000000004e48440, 0x0000000004e48d68]
Event: 2.363 Thread 0x0000000017086800 1324       3       java.lang.StringBuilder::append (10 bytes)
Event: 2.363 Thread 0x0000000017086800 nmethod 1324 0x0000000004e370d0 code [0x0000000004e37240, 0x0000000004e373c8]
Event: 2.363 Thread 0x0000000017086800 1325       1       com.google.common.io.LineReader::access$000 (5 bytes)
Event: 2.363 Thread 0x0000000017086800 nmethod 1325 0x0000000004e36dd0 code [0x0000000004e36f20, 0x0000000004e37010]
Event: 2.364 Thread 0x0000000017086800 1326       3       com.google.common.io.LineBuffer::finishLine (61 bytes)
Event: 2.365 Thread 0x0000000017086800 nmethod 1326 0x0000000004e47710 code [0x0000000004e478c0, 0x0000000004e47fd8]
Event: 2.365 Thread 0x0000000017086800 1327       3       com.google.common.io.LineReader$1::handleLine (15 bytes)
Event: 2.365 Thread 0x0000000017086800 nmethod 1327 0x0000000004e47250 code [0x0000000004e473c0, 0x0000000004e475e8]

GC Heap History (6 events):
Event: 0.793 GC heap before
{Heap before GC invocations=1 (full 0):
 PSYoungGen      total 38400K, used 33280K [0x00000000eab00000, 0x00000000ed580000, 0x0000000100000000)
  eden space 33280K, 100% used [0x00000000eab00000,0x00000000ecb80000,0x00000000ecb80000)
  from space 5120K, 0% used [0x00000000ed080000,0x00000000ed080000,0x00000000ed580000)
  to   space 5120K, 0% used [0x00000000ecb80000,0x00000000ecb80000,0x00000000ed080000)
 ParOldGen       total 87552K, used 0K [0x00000000c0000000, 0x00000000c5580000, 0x00000000eab00000)
  object space 87552K, 0% used [0x00000000c0000000,0x00000000c0000000,0x00000000c5580000)
 Metaspace       used 6589K, capacity 6702K, committed 6784K, reserved 1056768K
  class space    used 822K, capacity 875K, committed 896K, reserved 1048576K
Event: 0.800 GC heap after
Heap after GC invocations=1 (full 0):
 PSYoungGen      total 38400K, used 4195K [0x00000000eab00000, 0x00000000ed580000, 0x0000000100000000)
  eden space 33280K, 0% used [0x00000000eab00000,0x00000000eab00000,0x00000000ecb80000)
  from space 5120K, 81% used [0x00000000ecb80000,0x00000000ecf98f00,0x00000000ed080000)
  to   space 5120K, 0% used [0x00000000ed080000,0x00000000ed080000,0x00000000ed580000)
 ParOldGen       total 87552K, used 8K [0x00000000c0000000, 0x00000000c5580000, 0x00000000eab00000)
  object space 87552K, 0% used [0x00000000c0000000,0x00000000c0002000,0x00000000c5580000)
 Metaspace       used 6589K, capacity 6702K, committed 6784K, reserved 1056768K
  class space    used 822K, capacity 875K, committed 896K, reserved 1048576K
}
Event: 1.815 GC heap before
{Heap before GC invocations=2 (full 0):
 PSYoungGen      total 38400K, used 37475K [0x00000000eab00000, 0x00000000ed580000, 0x0000000100000000)
  eden space 33280K, 100% used [0x00000000eab00000,0x00000000ecb80000,0x00000000ecb80000)
  from space 5120K, 81% used [0x00000000ecb80000,0x00000000ecf98f00,0x00000000ed080000)
  to   space 5120K, 0% used [0x00000000ed080000,0x00000000ed080000,0x00000000ed580000)
 ParOldGen       total 87552K, used 8K [0x00000000c0000000, 0x00000000c5580000, 0x00000000eab00000)
  object space 87552K, 0% used [0x00000000c0000000,0x00000000c0002000,0x00000000c5580000)
 Metaspace       used 10629K, capacity 10856K, committed 11136K, reserved 1058816K
  class space    used 1424K, capacity 1550K, committed 1664K, reserved 1048576K
Event: 1.822 GC heap after
Heap after GC invocations=2 (full 0):
 PSYoungGen      total 38400K, used 5119K [0x00000000eab00000, 0x00000000ed580000, 0x0000000100000000)
  eden space 33280K, 0% used [0x00000000eab00000,0x00000000eab00000,0x00000000ecb80000)
  from space 5120K, 99% used [0x00000000ed080000,0x00000000ed57fd38,0x00000000ed580000)
  to   space 5120K, 0% used [0x00000000ecb80000,0x00000000ecb80000,0x00000000ed080000)
 ParOldGen       total 87552K, used 56K [0x00000000c0000000, 0x00000000c5580000, 0x00000000eab00000)
  object space 87552K, 0% used [0x00000000c0000000,0x00000000c000e000,0x00000000c5580000)
 Metaspace       used 10629K, capacity 10856K, committed 11136K, reserved 1058816K
  class space    used 1424K, capacity 1550K, committed 1664K, reserved 1048576K
}
Event: 2.274 GC heap before
{Heap before GC invocations=3 (full 0):
 PSYoungGen      total 38400K, used 38399K [0x00000000eab00000, 0x00000000ed580000, 0x0000000100000000)
  eden space 33280K, 100% used [0x00000000eab00000,0x00000000ecb80000,0x00000000ecb80000)
  from space 5120K, 99% used [0x00000000ed080000,0x00000000ed57fd38,0x00000000ed580000)
  to   space 5120K, 0% used [0x00000000ecb80000,0x00000000ecb80000,0x00000000ed080000)
 ParOldGen       total 87552K, used 56K [0x00000000c0000000, 0x00000000c5580000, 0x00000000eab00000)
  object space 87552K, 0% used [0x00000000c0000000,0x00000000c000e000,0x00000000c5580000)
 Metaspace       used 13997K, capacity 14310K, committed 14464K, reserved 1060864K
  class space    used 2007K, capacity 2147K, committed 2176K, reserved 1048576K
Event: 2.285 GC heap after
Heap after GC invocations=3 (full 0):
 PSYoungGen      total 38400K, used 5107K [0x00000000eab00000, 0x00000000ef600000, 0x0000000100000000)
  eden space 33280K, 0% used [0x00000000eab00000,0x00000000eab00000,0x00000000ecb80000)
  from space 5120K, 99% used [0x00000000ecb80000,0x00000000ed07ce00,0x00000000ed080000)
  to   space 5120K, 0% used [0x00000000ef100000,0x00000000ef100000,0x00000000ef600000)
 ParOldGen       total 87552K, used 1888K [0x00000000c0000000, 0x00000000c5580000, 0x00000000eab00000)
  object space 87552K, 2% used [0x00000000c0000000,0x00000000c01d8000,0x00000000c5580000)
 Metaspace       used 13997K, capacity 14310K, committed 14464K, reserved 1060864K
  class space    used 2007K, capacity 2147K, committed 2176K, reserved 1048576K
}

Deoptimization events (10 events):
Event: 1.079 Thread 0x00000000049ae000 Uncommon trap: reason=bimorphic action=maybe_recompile pc=0x0000000004c3587c method=java.util.HashMap.putVal(ILjava/lang/Object;Ljava/lang/Object;ZZ)Ljava/lang/Object; @ 91
Event: 1.245 Thread 0x00000000049ae000 Uncommon trap: reason=bimorphic action=maybe_recompile pc=0x0000000004cde208 method=java.util.HashMap.putVal(ILjava/lang/Object;Ljava/lang/Object;ZZ)Ljava/lang/Object; @ 203
Event: 1.395 Thread 0x00000000049ae000 Uncommon trap: reason=unstable_if action=reinterpret pc=0x0000000004cf5ae4 method=java.io.WinNTFileSystem.normalize(Ljava/lang/String;)Ljava/lang/String; @ 128
Event: 1.395 Thread 0x00000000049ae000 Uncommon trap: reason=unstable_if action=reinterpret pc=0x0000000004cc99ac method=java.io.WinNTFileSystem.normalize(Ljava/lang/String;II)Ljava/lang/String; @ 90
Event: 1.962 Thread 0x0000000019eb1000 Uncommon trap: reason=unstable_if action=reinterpret pc=0x0000000004dba3e8 method=java.util.concurrent.ConcurrentHashMap.putVal(Ljava/lang/Object;Ljava/lang/Object;Z)Ljava/lang/Object; @ 206
Event: 2.033 Thread 0x0000000019eb3000 Uncommon trap: reason=bimorphic action=maybe_recompile pc=0x0000000004cddb68 method=java.util.HashMap.putVal(ILjava/lang/Object;Ljava/lang/Object;ZZ)Ljava/lang/Object; @ 253
Event: 2.033 Thread 0x0000000019eb3000 Uncommon trap: reason=bimorphic action=maybe_recompile pc=0x0000000004cddb68 method=java.util.HashMap.putVal(ILjava/lang/Object;Ljava/lang/Object;ZZ)Ljava/lang/Object; @ 253
Event: 2.205 Thread 0x0000000019eb3000 Uncommon trap: reason=class_check action=maybe_recompile pc=0x0000000004c1fedc method=java.util.regex.Matcher.match(II)Z @ 86
Event: 2.205 Thread 0x0000000019eb3000 Uncommon trap: reason=class_check action=maybe_recompile pc=0x0000000004c1fedc method=java.util.regex.Matcher.match(II)Z @ 86
Event: 2.355 Thread 0x0000000019eb3000 Uncommon trap: reason=unstable_if action=reinterpret pc=0x0000000004e1fff4 method=java.lang.String.lastIndexOf([CII[CIII)I @ 66

Internal exceptions (10 events):
Event: 1.969 Thread 0x0000000019eb1000 Exception <a 'java/lang/NoSuchMethodError': <clinit>> (0x00000000eaf29ac8) thrown at [C:\re\workspace\8-2-build-windows-amd64-cygwin\jdk8u151\9699\hotspot\src\share\vm\prims\jni.cpp, line 1613]
Event: 1.974 Thread 0x0000000019eb1000 Exception <a 'java/lang/NoSuchMethodError': <clinit>> (0x00000000eaf4b2e0) thrown at [C:\re\workspace\8-2-build-windows-amd64-cygwin\jdk8u151\9699\hotspot\src\share\vm\prims\jni.cpp, line 1613]
Event: 1.981 Thread 0x0000000019eb1000 Exception <a 'java/lang/NoSuchMethodError': <clinit>> (0x00000000eafb4090) thrown at [C:\re\workspace\8-2-build-windows-amd64-cygwin\jdk8u151\9699\hotspot\src\share\vm\prims\jni.cpp, line 1613]
Event: 1.985 Thread 0x0000000019eb1000 Exception <a 'java/lang/NoSuchMethodError': <clinit>> (0x00000000eafe41b8) thrown at [C:\re\workspace\8-2-build-windows-amd64-cygwin\jdk8u151\9699\hotspot\src\share\vm\prims\jni.cpp, line 1613]
Event: 1.989 Thread 0x0000000019eb1000 Exception <a 'java/lang/NoSuchMethodError': <clinit>> (0x00000000eb01a068) thrown at [C:\re\workspace\8-2-build-windows-amd64-cygwin\jdk8u151\9699\hotspot\src\share\vm\prims\jni.cpp, line 1613]
Event: 1.991 Thread 0x0000000019eb1000 Exception <a 'java/lang/NoSuchMethodError': <clinit>> (0x00000000eb025398) thrown at [C:\re\workspace\8-2-build-windows-amd64-cygwin\jdk8u151\9699\hotspot\src\share\vm\prims\jni.cpp, line 1613]
Event: 1.993 Thread 0x0000000019eb1000 Exception <a 'java/lang/NoSuchMethodError': <clinit>> (0x00000000eb033350) thrown at [C:\re\workspace\8-2-build-windows-amd64-cygwin\jdk8u151\9699\hotspot\src\share\vm\prims\jni.cpp, line 1613]
Event: 1.999 Thread 0x0000000019eb1000 Exception <a 'java/lang/NoSuchMethodError': <clinit>> (0x00000000eb058260) thrown at [C:\re\workspace\8-2-build-windows-amd64-cygwin\jdk8u151\9699\hotspot\src\share\vm\prims\jni.cpp, line 1613]
Event: 2.022 Thread 0x0000000019eb3000 Exception <a 'java/lang/NoSuchMethodError': <clinit>> (0x00000000eb11e3d0) thrown at [C:\re\workspace\8-2-build-windows-amd64-cygwin\jdk8u151\9699\hotspot\src\share\vm\prims\jni.cpp, line 1613]
Event: 2.022 Thread 0x0000000019eb3000 Exception <a 'java/lang/NoSuchMethodError': <clinit>> (0x00000000eb126658) thrown at [C:\re\workspace\8-2-build-windows-amd64-cygwin\jdk8u151\9699\hotspot\src\share\vm\prims\jni.cpp, line 1613]

Events (10 events):
Event: 2.367 loading class com/google/common/base/CharMatcher$BitSetMatcher
Event: 2.367 loading class com/google/common/base/CharMatcher$BitSetMatcher done
Event: 2.367 loading class com/google/common/base/CharMatcher$FastMatcher
Event: 2.367 loading class com/google/common/base/CharMatcher$FastMatcher done
Event: 2.367 loading class com/google/common/base/CharMatcher$10
Event: 2.367 loading class com/google/common/base/CharMatcher$10 done
Event: 2.367 loading class com/google/common/base/CharMatcher$12
Event: 2.367 loading class com/google/common/base/CharMatcher$12 done
Event: 2.367 loading class com/google/common/base/CharMatcher$11
Event: 2.367 loading class com/google/common/base/CharMatcher$11 done


Dynamic libraries:
0x00007ff726790000 - 0x00007ff7267c7000 	C:\Program Files\Java\jdk1.8.0_151\bin\java.exe
0x00007ffed8bc0000 - 0x00007ffed8da0000 	C:\WINDOWS\SYSTEM32\ntdll.dll
0x00007ffed6250000 - 0x00007ffed62fe000 	C:\WINDOWS\System32\KERNEL32.DLL
0x00007ffed5cd0000 - 0x00007ffed5f36000 	C:\WINDOWS\System32\KERNELBASE.dll
0x00007ffed6950000 - 0x00007ffed69f1000 	C:\WINDOWS\System32\ADVAPI32.dll
0x00007ffed82d0000 - 0x00007ffed836d000 	C:\WINDOWS\System32\msvcrt.dll
0x00007ffed6790000 - 0x00007ffed67eb000 	C:\WINDOWS\System32\sechost.dll
0x00007ffed8a70000 - 0x00007ffed8b8f000 	C:\WINDOWS\System32\RPCRT4.dll
0x00007ffed6590000 - 0x00007ffed671f000 	C:\WINDOWS\System32\USER32.dll
0x00007ffed5070000 - 0x00007ffed5090000 	C:\WINDOWS\System32\win32u.dll
0x00007ffed6920000 - 0x00007ffed6948000 	C:\WINDOWS\System32\GDI32.dll
0x00007ffed57e0000 - 0x00007ffed5973000 	C:\WINDOWS\System32\gdi32full.dll
0x00007ffed5b50000 - 0x00007ffed5beb000 	C:\WINDOWS\System32\msvcp_win.dll
0x00007ffed5f90000 - 0x00007ffed6086000 	C:\WINDOWS\System32\ucrtbase.dll
0x00007ffecac50000 - 0x00007ffecaeb9000 	C:\WINDOWS\WinSxS\amd64_microsoft.windows.common-controls_6595b64144ccf1df_6.0.16299.309_none_15cfd4c4935e6b11\COMCTL32.dll
0x00007ffed7fc0000 - 0x00007ffed82c8000 	C:\WINDOWS\System32\combase.dll
0x00007ffed5c50000 - 0x00007ffed5cc2000 	C:\WINDOWS\System32\bcryptPrimitives.dll
0x00007ffed8370000 - 0x00007ffed839d000 	C:\WINDOWS\System32\IMM32.DLL
0x0000000075ce0000 - 0x0000000075db2000 	C:\Program Files\Java\jdk1.8.0_151\jre\bin\msvcr100.dll
0x0000000074bb0000 - 0x000000007544d000 	C:\Program Files\Java\jdk1.8.0_151\jre\bin\server\jvm.dll
0x00007ffed6910000 - 0x00007ffed6918000 	C:\WINDOWS\System32\PSAPI.DLL
0x00007ffecd020000 - 0x00007ffecd02a000 	C:\WINDOWS\SYSTEM32\VERSION.dll
0x00007ffec8b00000 - 0x00007ffec8b09000 	C:\WINDOWS\SYSTEM32\WSOCK32.dll
0x00007ffecc0e0000 - 0x00007ffecc103000 	C:\WINDOWS\SYSTEM32\WINMM.dll
0x00007ffed6720000 - 0x00007ffed678c000 	C:\WINDOWS\System32\WS2_32.dll
0x00007ffecbc30000 - 0x00007ffecbc5a000 	C:\WINDOWS\SYSTEM32\WINMMBASE.dll
0x00007ffed5f40000 - 0x00007ffed5f8a000 	C:\WINDOWS\System32\cfgmgr32.dll
0x0000000077070000 - 0x000000007707f000 	C:\Program Files\Java\jdk1.8.0_151\jre\bin\verify.dll
0x0000000075cb0000 - 0x0000000075cd9000 	C:\Program Files\Java\jdk1.8.0_151\jre\bin\java.dll
0x0000000077050000 - 0x0000000077066000 	C:\Program Files\Java\jdk1.8.0_151\jre\bin\zip.dll
0x00007ffed6ab0000 - 0x00007ffed7ee6000 	C:\WINDOWS\System32\SHELL32.dll
0x00007ffed6a00000 - 0x00007ffed6aa6000 	C:\WINDOWS\System32\shcore.dll
0x00007ffed5090000 - 0x00007ffed57d7000 	C:\WINDOWS\System32\windows.storage.dll
0x00007ffed6090000 - 0x00007ffed60e1000 	C:\WINDOWS\System32\shlwapi.dll
0x00007ffed4fa0000 - 0x00007ffed4fb1000 	C:\WINDOWS\System32\kernel.appcore.dll
0x00007ffed4f50000 - 0x00007ffed4f9c000 	C:\WINDOWS\System32\powrprof.dll
0x00007ffed4f10000 - 0x00007ffed4f2b000 	C:\WINDOWS\System32\profapi.dll
0x0000000075c90000 - 0x0000000075caa000 	C:\Program Files\Java\jdk1.8.0_151\jre\bin\net.dll
0x00007ffed4740000 - 0x00007ffed47a6000 	C:\WINDOWS\system32\mswsock.dll
0x0000000075c70000 - 0x0000000075c81000 	C:\Program Files\Java\jdk1.8.0_151\jre\bin\nio.dll
0x00007ffec41b0000 - 0x00007ffec41ce000 	C:\Users\carlos.sanchez-v\.gradle\native\25\windows-amd64\native-platform.dll
0x0000000075c60000 - 0x0000000075c6d000 	C:\Program Files\Java\jdk1.8.0_151\jre\bin\management.dll
0x00007ffed4900000 - 0x00007ffed4917000 	C:\WINDOWS\SYSTEM32\CRYPTSP.dll
0x00007ffed4120000 - 0x00007ffed4153000 	C:\WINDOWS\system32\rsaenh.dll
0x00007ffed4a10000 - 0x00007ffed4a35000 	C:\WINDOWS\SYSTEM32\bcrypt.dll
0x00007ffed4e40000 - 0x00007ffed4e69000 	C:\WINDOWS\SYSTEM32\USERENV.dll
0x00007ffed4920000 - 0x00007ffed492b000 	C:\WINDOWS\SYSTEM32\CRYPTBASE.dll
0x00007ffed44d0000 - 0x00007ffed4509000 	C:\WINDOWS\SYSTEM32\IPHLPAPI.DLL
0x00007ffed6380000 - 0x00007ffed6388000 	C:\WINDOWS\System32\NSI.dll
0x00007ffed0a10000 - 0x00007ffed0a26000 	C:\WINDOWS\SYSTEM32\dhcpcsvc6.DLL
0x00007ffed09f0000 - 0x00007ffed0a0a000 	C:\WINDOWS\SYSTEM32\dhcpcsvc.DLL

VM Arguments:
jvm_args: -XX:+HeapDumpOnOutOfMemoryError -Xmx1024m -Dfile.encoding=windows-1252 -Duser.country=US -Duser.language=en -Duser.variant 
java_command: org.gradle.launcher.daemon.bootstrap.GradleDaemon 4.5.1
java_class_path (initial): C:\Users\carlos.sanchez-v\.gradle\wrapper\dists\gradle-4.5.1-bin\a5vbgfvpwtoqz8v2cdivxz28k\gradle-4.5.1\lib\gradle-launcher-4.5.1.jar
Launcher Type: SUN_STANDARD

Environment Variables:
JAVA_HOME=C:\Program Files\Java\jdk1.8.0_151
CLASSPATH=C:\Users\carlos.sanchez-v\Downloads\Spring-Boot\\gradle\wrapper\gradle-wrapper.jar
PATH=C:\Program Files\Haskell\bin;C:\Program Files\Haskell Platform\8.2.2\lib\extralibs\bin;C:\Program Files\Haskell Platform\8.2.2\bin;C:\ProgramData\Oracle\Java\javapath;C:\WINDOWS\system32;C:\WINDOWS;C:\WINDOWS\System32\Wbem;C:\WINDOWS\System32\WindowsPowerShell\v1.0\;C:\Program Files\Java\jdk1.8.0_151\bin;C:\Program Files\apache-maven-3.5.2\bin;C:\Program Files (x86)\NVIDIA Corporation\PhysX\Common;C:\Program Files\Git\cmd;C:\Program Files\nodejs\;C:\Gradle\gradle-4.5\bin;C:\Program Files\PuTTY\;C:\Program Files\Haskell Platform\8.2.2\mingw\bin;C:\Users\carlos.sanchez-v\AppData\Roaming\local\bin;C:\Users\carlos.sanchez-v\AppData\Roaming\cabal\bin;C:\Users\carlos.sanchez-v\AppData\Local\Microsoft\WindowsApps;C:\Users\carlos.sanchez-v\AppData\Roaming\npm;C:\Program Files\Microsoft VS Code\bin;C:\Users\carlos.sanchez-v\AppData\Local\Programs\radare2
USERNAME=carlos.sanchez-v
OS=Windows_NT
PROCESSOR_IDENTIFIER=Intel64 Family 6 Model 58 Stepping 9, GenuineIntel



---------------  S Y S T E M  ---------------

OS: Windows 10.0 , 64 bit Build 16299 (10.0.16299.15)

CPU:total 4 (initial active 4) (2 cores per cpu, 2 threads per core) family 6 model 58 stepping 9, cmov, cx8, fxsr, mmx, sse, sse2, sse3, ssse3, sse4.1, sse4.2, popcnt, avx, aes, clmul, erms, ht, tsc, tscinvbit, tscinv

Memory: 4k page, physical 8271408k(989072k free), swap 8271408k(11048k free)

vm_info: Java HotSpot(TM) 64-Bit Server VM (25.151-b12) for windows-amd64 JRE (1.8.0_151-b12), built on Sep  5 2017 19:33:46 by "java_re" with MS VC++ 10.0 (VS2010)

time: Fri Mar 23 17:42:49 2018
elapsed time: 2 seconds (0d 0h 0m 2s)

