#
# There is insufficient memory for the Java Runtime Environment to continue.
# Native memory allocation (malloc) failed to allocate 32744 bytes for ChunkPool::allocate
# Possible reasons:
#   The system is out of physical RAM or swap space
#   In 32 bit mode, the process size limit was hit
# Possible solutions:
#   Reduce memory load on the system
#   Increase physical memory or swap space
#   Check if swap backing store is full
#   Use 64 bit Java on a 64 bit OS
#   Decrease Java heap size (-Xmx/-Xms)
#   Decrease number of Java threads
#   Decrease Java thread stack sizes (-Xss)
#   Set larger code cache with -XX:ReservedCodeCacheSize=
# This output file may be truncated or incomplete.
#
#  Out of Memory Error (allocation.cpp:273), pid=772, tid=0x0000000000001e5c
#
# JRE version: Java(TM) SE Runtime Environment (8.0_151-b12) (build 1.8.0_151-b12)
# Java VM: Java HotSpot(TM) 64-Bit Server VM (25.151-b12 mixed mode windows-amd64 compressed oops)
# Failed to write core dump. Minidumps are not enabled by default on client versions of Windows
#

---------------  T H R E A D  ---------------

Current thread (0x0000000017952800):  JavaThread "C2 CompilerThread1" daemon [_thread_in_native, id=7772, stack(0x00000000190a0000,0x00000000191a0000)]

Stack: [0x00000000190a0000,0x00000000191a0000]
[error occurred during error reporting (printing stack bounds), id 0xc0000005]

Native frames: (J=compiled Java code, j=interpreted, Vv=VM code, C=native code)


Current CompileTask:
C2:   3355 1320       4       java.net.URLClassLoader$1::run (5 bytes)


---------------  P R O C E S S  ---------------

Java Threads: ( => current thread )
  0x000000001a7ab800 JavaThread "Cache worker for file hash cache (C:\Users\carlos.sanchez-v\Downloads\Spring-Boot\.gradle\4.5.1\fileHashes)" [_thread_blocked, id=10984, stack(0x000000001e830000,0x000000001e930000)]
  0x000000001a7aa000 JavaThread "File lock request listener" [_thread_in_native, id=12116, stack(0x000000001d760000,0x000000001d860000)]
  0x000000001a7aa800 JavaThread "Cache worker for file hash cache (C:\Users\carlos.sanchez-v\.gradle\caches\4.5.1\fileHashes)" [_thread_blocked, id=3280, stack(0x000000001d660000,0x000000001d760000)]
  0x000000001af4f800 JavaThread "Stdin handler" [_thread_blocked, id=4664, stack(0x000000001d360000,0x000000001d460000)]
  0x000000001a7e2000 JavaThread "Asynchronous log dispatcher for DefaultDaemonConnection: socket connection from /127.0.0.1:60753 to /127.0.0.1:60756" [_thread_blocked, id=12056, stack(0x000000001d260000,0x000000001d360000)]
  0x000000001a7e1000 JavaThread "Daemon worker" [_thread_blocked, id=4312, stack(0x000000001d160000,0x000000001d260000)]
  0x000000001a58a800 JavaThread "Cancel handler" [_thread_blocked, id=5756, stack(0x000000001d060000,0x000000001d160000)]
  0x000000001a52d800 JavaThread "Handler for socket connection from /127.0.0.1:60753 to /127.0.0.1:60756" [_thread_in_native, id=2268, stack(0x000000001cd60000,0x000000001ce60000)]
  0x000000001a5b3000 JavaThread "Daemon" [_thread_blocked, id=7188, stack(0x000000001cc60000,0x000000001cd60000)]
  0x000000001aabb800 JavaThread "Daemon periodic checks" [_thread_blocked, id=4456, stack(0x000000001cb60000,0x000000001cc60000)]
  0x000000001aab9800 JavaThread "Incoming local TCP Connector on port 60753" [_thread_in_native, id=6312, stack(0x000000001c680000,0x000000001c780000)]
  0x000000001a49d000 JavaThread "Daemon health stats" [_thread_blocked, id=6084, stack(0x000000001c040000,0x000000001c140000)]
  0x00000000179ae000 JavaThread "Service Thread" daemon [_thread_blocked, id=12176, stack(0x00000000196a0000,0x00000000197a0000)]
  0x0000000017959000 JavaThread "C1 CompilerThread2" daemon [_thread_blocked, id=7660, stack(0x00000000191a0000,0x00000000192a0000)]
=>0x0000000017952800 JavaThread "C2 CompilerThread1" daemon [_thread_in_native, id=7772, stack(0x00000000190a0000,0x00000000191a0000)]
  0x0000000017950000 JavaThread "C2 CompilerThread0" daemon [_thread_in_native, id=7332, stack(0x0000000018fa0000,0x00000000190a0000)]
  0x000000001794e000 JavaThread "Attach Listener" daemon [_thread_blocked, id=8228, stack(0x0000000018ea0000,0x0000000018fa0000)]
  0x000000001794d000 JavaThread "Signal Dispatcher" daemon [_thread_blocked, id=10512, stack(0x0000000018da0000,0x0000000018ea0000)]
  0x000000001793a800 JavaThread "Finalizer" daemon [_thread_blocked, id=1152, stack(0x0000000018bb0000,0x0000000018cb0000)]
  0x0000000017919000 JavaThread "Reference Handler" daemon [_thread_blocked, id=12160, stack(0x0000000018ab0000,0x0000000018bb0000)]
  0x000000000516e000 JavaThread "main" [_thread_blocked, id=10376, stack(0x0000000004ff0000,0x00000000050f0000)]

Other Threads:
  0x0000000017917800 VMThread [stack: 0x00000000189b0000,0x0000000018ab0000] [id=10560]
  0x00000000192e5800 WatcherThread [stack: 0x00000000197a0000,0x00000000198a0000] [id=2164]

VM state:at safepoint (normal execution)

VM Mutex/Monitor currently owned by a thread:  ([mutex/lock_event])
[0x000000000516cbb0] Threads_lock - owner thread: 0x0000000017917800
[0x000000000516d430] Heap_lock - owner thread: 0x000000001a7e1000

Heap:
 PSYoungGen      total 38400K, used 5105K [0x00000000eab00000, 0x00000000ed580000, 0x0000000100000000)
  eden space 33280K, 0% used [0x00000000eab00000,0x00000000eab00000,0x00000000ecb80000)
  from space 5120K, 99% used [0x00000000ed080000,0x00000000ed57c410,0x00000000ed580000)
  to   space 5120K, 0% used [0x00000000ecb80000,0x00000000ecb80000,0x00000000ed080000)
 ParOldGen       total 87552K, used 3235K [0x00000000c0000000, 0x00000000c5580000, 0x00000000eab00000)
  object space 87552K, 3% used [0x00000000c0000000,0x00000000c0328c20,0x00000000c5580000)
 Metaspace       used 15610K, capacity 15878K, committed 16000K, reserved 1067008K
  class space    used 2260K, capacity 2371K, committed 2432K, reserved 1048576K

Card table byte_map: [0x0000000014640000,0x0000000014850000] byte_map_base: 0x0000000014040000

Marking Bits: (ParMarkBitMap*) 0x00000000753cd850
 Begin Bits: [0x0000000014db0000, 0x0000000015db0000)
 End Bits:   [0x0000000015db0000, 0x0000000016db0000)

Polling page: 0x0000000003770000

CodeCache: size=245760Kb used=5004Kb max_used=5004Kb free=240755Kb
 bounds [0x0000000005280000, 0x0000000005770000, 0x0000000014280000]
 total_blobs=1802 nmethods=1428 adapters=287
 compilation: enabled

Compilation events (10 events):
Event: 3.275 Thread 0x0000000017959000 1431       3       java.util.LinkedHashMap$LinkedValueIterator::<init> (11 bytes)
Event: 3.275 Thread 0x0000000017959000 nmethod 1431 0x0000000005761690 code [0x0000000005761800, 0x0000000005761a70]
Event: 3.301 Thread 0x0000000017959000 1432       3       java.lang.Class::arrayContentsEq (70 bytes)
Event: 3.301 Thread 0x0000000017959000 nmethod 1432 0x0000000005761b90 code [0x0000000005761d20, 0x0000000005762150]
Event: 3.322 Thread 0x0000000017959000 1433       3       java.lang.Class::getDeclaredMethod (67 bytes)
Event: 3.323 Thread 0x0000000017959000 nmethod 1433 0x0000000005762510 code [0x0000000005762760, 0x0000000005763418]
Event: 3.327 Thread 0x0000000017959000 1434       3       org.objectweb.asm.ClassWriter::get (49 bytes)
Event: 3.327 Thread 0x0000000017959000 nmethod 1434 0x00000000057639d0 code [0x0000000005763b60, 0x0000000005763ee8]
Event: 3.327 Thread 0x0000000017959000 1435       3       org.objectweb.asm.Item::set (219 bytes)
Event: 3.328 Thread 0x0000000017959000 nmethod 1435 0x0000000005764090 code [0x0000000005764240, 0x00000000057648f8]

GC Heap History (9 events):
Event: 0.823 GC heap before
{Heap before GC invocations=1 (full 0):
 PSYoungGen      total 38400K, used 33280K [0x00000000eab00000, 0x00000000ed580000, 0x0000000100000000)
  eden space 33280K, 100% used [0x00000000eab00000,0x00000000ecb80000,0x00000000ecb80000)
  from space 5120K, 0% used [0x00000000ed080000,0x00000000ed080000,0x00000000ed580000)
  to   space 5120K, 0% used [0x00000000ecb80000,0x00000000ecb80000,0x00000000ed080000)
 ParOldGen       total 87552K, used 0K [0x00000000c0000000, 0x00000000c5580000, 0x00000000eab00000)
  object space 87552K, 0% used [0x00000000c0000000,0x00000000c0000000,0x00000000c5580000)
 Metaspace       used 6589K, capacity 6702K, committed 6784K, reserved 1056768K
  class space    used 821K, capacity 875K, committed 896K, reserved 1048576K
Event: 0.829 GC heap after
Heap after GC invocations=1 (full 0):
 PSYoungGen      total 38400K, used 4237K [0x00000000eab00000, 0x00000000ed580000, 0x0000000100000000)
  eden space 33280K, 0% used [0x00000000eab00000,0x00000000eab00000,0x00000000ecb80000)
  from space 5120K, 82% used [0x00000000ecb80000,0x00000000ecfa3590,0x00000000ed080000)
  to   space 5120K, 0% used [0x00000000ed080000,0x00000000ed080000,0x00000000ed580000)
 ParOldGen       total 87552K, used 8K [0x00000000c0000000, 0x00000000c5580000, 0x00000000eab00000)
  object space 87552K, 0% used [0x00000000c0000000,0x00000000c0002000,0x00000000c5580000)
 Metaspace       used 6589K, capacity 6702K, committed 6784K, reserved 1056768K
  class space    used 821K, capacity 875K, committed 896K, reserved 1048576K
}
Event: 2.106 GC heap before
{Heap before GC invocations=2 (full 0):
 PSYoungGen      total 38400K, used 37517K [0x00000000eab00000, 0x00000000ed580000, 0x0000000100000000)
  eden space 33280K, 100% used [0x00000000eab00000,0x00000000ecb80000,0x00000000ecb80000)
  from space 5120K, 82% used [0x00000000ecb80000,0x00000000ecfa3590,0x00000000ed080000)
  to   space 5120K, 0% used [0x00000000ed080000,0x00000000ed080000,0x00000000ed580000)
 ParOldGen       total 87552K, used 8K [0x00000000c0000000, 0x00000000c5580000, 0x00000000eab00000)
  object space 87552K, 0% used [0x00000000c0000000,0x00000000c0002000,0x00000000c5580000)
 Metaspace       used 10627K, capacity 10856K, committed 11136K, reserved 1058816K
  class space    used 1424K, capacity 1550K, committed 1664K, reserved 1048576K
Event: 2.114 GC heap after
Heap after GC invocations=2 (full 0):
 PSYoungGen      total 38400K, used 5103K [0x00000000eab00000, 0x00000000ed580000, 0x0000000100000000)
  eden space 33280K, 0% used [0x00000000eab00000,0x00000000eab00000,0x00000000ecb80000)
  from space 5120K, 99% used [0x00000000ed080000,0x00000000ed57bd28,0x00000000ed580000)
  to   space 5120K, 0% used [0x00000000ecb80000,0x00000000ecb80000,0x00000000ed080000)
 ParOldGen       total 87552K, used 85K [0x00000000c0000000, 0x00000000c5580000, 0x00000000eab00000)
  object space 87552K, 0% used [0x00000000c0000000,0x00000000c0015480,0x00000000c5580000)
 Metaspace       used 10627K, capacity 10856K, committed 11136K, reserved 1058816K
  class space    used 1424K, capacity 1550K, committed 1664K, reserved 1048576K
}
Event: 2.692 GC heap before
{Heap before GC invocations=3 (full 0):
 PSYoungGen      total 38400K, used 38383K [0x00000000eab00000, 0x00000000ed580000, 0x0000000100000000)
  eden space 33280K, 100% used [0x00000000eab00000,0x00000000ecb80000,0x00000000ecb80000)
  from space 5120K, 99% used [0x00000000ed080000,0x00000000ed57bd28,0x00000000ed580000)
  to   space 5120K, 0% used [0x00000000ecb80000,0x00000000ecb80000,0x00000000ed080000)
 ParOldGen       total 87552K, used 85K [0x00000000c0000000, 0x00000000c5580000, 0x00000000eab00000)
  object space 87552K, 0% used [0x00000000c0000000,0x00000000c0015480,0x00000000c5580000)
 Metaspace       used 14034K, capacity 14310K, committed 14464K, reserved 1060864K
  class space    used 2008K, capacity 2147K, committed 2176K, reserved 1048576K
Event: 2.712 GC heap after
Heap after GC invocations=3 (full 0):
 PSYoungGen      total 38400K, used 5088K [0x00000000eab00000, 0x00000000ed580000, 0x0000000100000000)
  eden space 33280K, 0% used [0x00000000eab00000,0x00000000eab00000,0x00000000ecb80000)
  from space 5120K, 99% used [0x00000000ecb80000,0x00000000ed078020,0x00000000ed080000)
  to   space 5120K, 0% used [0x00000000ed080000,0x00000000ed080000,0x00000000ed580000)
 ParOldGen       total 87552K, used 1978K [0x00000000c0000000, 0x00000000c5580000, 0x00000000eab00000)
  object space 87552K, 2% used [0x00000000c0000000,0x00000000c01eea58,0x00000000c5580000)
 Metaspace       used 14034K, capacity 14310K, committed 14464K, reserved 1060864K
  class space    used 2008K, capacity 2147K, committed 2176K, reserved 1048576K
}
Event: 3.338 GC heap before
{Heap before GC invocations=4 (full 0):
 PSYoungGen      total 38400K, used 19593K [0x00000000eab00000, 0x00000000ed580000, 0x0000000100000000)
  eden space 33280K, 43% used [0x00000000eab00000,0x00000000eb92a6b0,0x00000000ecb80000)
  from space 5120K, 99% used [0x00000000ecb80000,0x00000000ed078020,0x00000000ed080000)
  to   space 5120K, 0% used [0x00000000ed080000,0x00000000ed080000,0x00000000ed580000)
 ParOldGen       total 87552K, used 1978K [0x00000000c0000000, 0x00000000c5580000, 0x00000000eab00000)
  object space 87552K, 2% used [0x00000000c0000000,0x00000000c01eea58,0x00000000c5580000)
 Metaspace       used 15610K, capacity 15878K, committed 16000K, reserved 1067008K
  class space    used 2260K, capacity 2371K, committed 2432K, reserved 1048576K
Event: 3.351 GC heap after
Heap after GC invocations=4 (full 0):
 PSYoungGen      total 38400K, used 5105K [0x00000000eab00000, 0x00000000ed580000, 0x0000000100000000)
  eden space 33280K, 0% used [0x00000000eab00000,0x00000000eab00000,0x00000000ecb80000)
  from space 5120K, 99% used [0x00000000ed080000,0x00000000ed57c410,0x00000000ed580000)
  to   space 5120K, 0% used [0x00000000ecb80000,0x00000000ecb80000,0x00000000ed080000)
 ParOldGen       total 87552K, used 3235K [0x00000000c0000000, 0x00000000c5580000, 0x00000000eab00000)
  object space 87552K, 3% used [0x00000000c0000000,0x00000000c0328c20,0x00000000c5580000)
 Metaspace       used 15610K, capacity 15878K, committed 16000K, reserved 1067008K
  class space    used 2260K, capacity 2371K, committed 2432K, reserved 1048576K
}
Event: 3.351 GC heap before
{Heap before GC invocations=5 (full 1):
 PSYoungGen      total 38400K, used 5105K [0x00000000eab00000, 0x00000000ed580000, 0x0000000100000000)
  eden space 33280K, 0% used [0x00000000eab00000,0x00000000eab00000,0x00000000ecb80000)
  from space 5120K, 99% used [0x00000000ed080000,0x00000000ed57c410,0x00000000ed580000)
  to   space 5120K, 0% used [0x00000000ecb80000,0x00000000ecb80000,0x00000000ed080000)
 ParOldGen       total 87552K, used 3235K [0x00000000c0000000, 0x00000000c5580000, 0x00000000eab00000)
  object space 87552K, 3% used [0x00000000c0000000,0x00000000c0328c20,0x00000000c5580000)
 Metaspace       used 15610K, capacity 15878K, committed 16000K, reserved 1067008K
  class space    used 2260K, capacity 2371K, committed 2432K, reserved 1048576K

Deoptimization events (10 events):
Event: 1.501 Thread 0x000000000516e000 Uncommon trap: reason=bimorphic action=maybe_recompile pc=0x00000000055ac1dc method=java.util.HashMap.putVal(ILjava/lang/Object;Ljava/lang/Object;ZZ)Ljava/lang/Object; @ 203
Event: 1.679 Thread 0x000000000516e000 Uncommon trap: reason=unstable_if action=reinterpret pc=0x00000000055c635c method=java.io.WinNTFileSystem.normalize(Ljava/lang/String;)Ljava/lang/String; @ 128
Event: 1.679 Thread 0x000000000516e000 Uncommon trap: reason=unstable_if action=reinterpret pc=0x000000000559fff0 method=java.io.WinNTFileSystem.normalize(Ljava/lang/String;II)Ljava/lang/String; @ 90
Event: 2.333 Thread 0x000000001a52d800 Uncommon trap: reason=unstable_if action=reinterpret pc=0x000000000568f630 method=java.util.concurrent.ConcurrentHashMap.putVal(Ljava/lang/Object;Ljava/lang/Object;Z)Ljava/lang/Object; @ 206
Event: 2.415 Thread 0x000000001a7e1000 Uncommon trap: reason=bimorphic action=maybe_recompile pc=0x00000000055ab6ac method=java.util.HashMap.putVal(ILjava/lang/Object;Ljava/lang/Object;ZZ)Ljava/lang/Object; @ 253
Event: 2.416 Thread 0x000000001a7e1000 Uncommon trap: reason=bimorphic action=maybe_recompile pc=0x00000000055ab6ac method=java.util.HashMap.putVal(ILjava/lang/Object;Ljava/lang/Object;ZZ)Ljava/lang/Object; @ 253
Event: 2.615 Thread 0x000000001a7e1000 Uncommon trap: reason=class_check action=maybe_recompile pc=0x00000000054e481c method=java.util.regex.Matcher.match(II)Z @ 86
Event: 2.615 Thread 0x000000001a7e1000 Uncommon trap: reason=class_check action=maybe_recompile pc=0x00000000054e481c method=java.util.regex.Matcher.match(II)Z @ 86
Event: 3.008 Thread 0x000000001a7e1000 Uncommon trap: reason=unstable_if action=reinterpret pc=0x00000000056fd174 method=java.lang.String.lastIndexOf([CII[CIII)I @ 66
Event: 3.114 Thread 0x000000001a7e1000 Uncommon trap: reason=unstable_if action=reinterpret pc=0x000000000550a008 method=java.io.WinNTFileSystem.resolve(Ljava/lang/String;Ljava/lang/String;)Ljava/lang/String; @ 117

Internal exceptions (10 events):
Event: 2.340 Thread 0x000000001a52d800 Exception <a 'java/lang/NoSuchMethodError': <clinit>> (0x00000000eaf29760) thrown at [C:\re\workspace\8-2-build-windows-amd64-cygwin\jdk8u151\9699\hotspot\src\share\vm\prims\jni.cpp, line 1613]
Event: 2.345 Thread 0x000000001a52d800 Exception <a 'java/lang/NoSuchMethodError': <clinit>> (0x00000000eaf4af78) thrown at [C:\re\workspace\8-2-build-windows-amd64-cygwin\jdk8u151\9699\hotspot\src\share\vm\prims\jni.cpp, line 1613]
Event: 2.354 Thread 0x000000001a52d800 Exception <a 'java/lang/NoSuchMethodError': <clinit>> (0x00000000eafb3d48) thrown at [C:\re\workspace\8-2-build-windows-amd64-cygwin\jdk8u151\9699\hotspot\src\share\vm\prims\jni.cpp, line 1613]
Event: 2.359 Thread 0x000000001a52d800 Exception <a 'java/lang/NoSuchMethodError': <clinit>> (0x00000000eafe3ea0) thrown at [C:\re\workspace\8-2-build-windows-amd64-cygwin\jdk8u151\9699\hotspot\src\share\vm\prims\jni.cpp, line 1613]
Event: 2.363 Thread 0x000000001a52d800 Exception <a 'java/lang/NoSuchMethodError': <clinit>> (0x00000000eb019ce0) thrown at [C:\re\workspace\8-2-build-windows-amd64-cygwin\jdk8u151\9699\hotspot\src\share\vm\prims\jni.cpp, line 1613]
Event: 2.364 Thread 0x000000001a52d800 Exception <a 'java/lang/NoSuchMethodError': <clinit>> (0x00000000eb025010) thrown at [C:\re\workspace\8-2-build-windows-amd64-cygwin\jdk8u151\9699\hotspot\src\share\vm\prims\jni.cpp, line 1613]
Event: 2.366 Thread 0x000000001a52d800 Exception <a 'java/lang/NoSuchMethodError': <clinit>> (0x00000000eb032fe0) thrown at [C:\re\workspace\8-2-build-windows-amd64-cygwin\jdk8u151\9699\hotspot\src\share\vm\prims\jni.cpp, line 1613]
Event: 2.373 Thread 0x000000001a52d800 Exception <a 'java/lang/NoSuchMethodError': <clinit>> (0x00000000eb057e90) thrown at [C:\re\workspace\8-2-build-windows-amd64-cygwin\jdk8u151\9699\hotspot\src\share\vm\prims\jni.cpp, line 1613]
Event: 2.404 Thread 0x000000001a7e1000 Exception <a 'java/lang/NoSuchMethodError': <clinit>> (0x00000000eb11dd00) thrown at [C:\re\workspace\8-2-build-windows-amd64-cygwin\jdk8u151\9699\hotspot\src\share\vm\prims\jni.cpp, line 1613]
Event: 2.405 Thread 0x000000001a7e1000 Exception <a 'java/lang/NoSuchMethodError': <clinit>> (0x00000000eb125f88) thrown at [C:\re\workspace\8-2-build-windows-amd64-cygwin\jdk8u151\9699\hotspot\src\share\vm\prims\jni.cpp, line 1613]

Events (10 events):
Event: 3.333 loading class org/gradle/internal/classpath/DefaultCachedClasspathTransformer$CachedJarFileTransformer done
Event: 3.335 loading class org/gradle/plugin/use/internal/DefaultPluginRequestApplicator
Event: 3.335 loading class org/gradle/plugin/use/internal/DefaultPluginRequestApplicator done
Event: 3.336 loading class org/gradle/plugin/use/resolve/internal/PluginResolutionResult
Event: 3.336 loading class org/gradle/plugin/use/resolve/internal/PluginResolutionResult done
Event: 3.336 loading class org/gradle/internal/exceptions/LocationAwareException
Event: 3.336 loading class org/gradle/internal/exceptions/LocationAwareException done
Event: 3.338 loading class org/gradle/internal/exceptions/FailureResolutionAware
Event: 3.338 loading class org/gradle/internal/exceptions/FailureResolutionAware done
Event: 3.338 Executing VM operation: CollectForMetadataAllocation


Dynamic libraries:
0x00007ff726790000 - 0x00007ff7267c7000 	C:\Program Files\Java\jdk1.8.0_151\bin\java.exe
0x00007ffed8bc0000 - 0x00007ffed8da0000 	C:\WINDOWS\SYSTEM32\ntdll.dll
0x00007ffed6250000 - 0x00007ffed62fe000 	C:\WINDOWS\System32\KERNEL32.DLL
0x00007ffed5cd0000 - 0x00007ffed5f36000 	C:\WINDOWS\System32\KERNELBASE.dll
0x00007ffed6950000 - 0x00007ffed69f1000 	C:\WINDOWS\System32\ADVAPI32.dll
0x00007ffed82d0000 - 0x00007ffed836d000 	C:\WINDOWS\System32\msvcrt.dll
0x00007ffed6790000 - 0x00007ffed67eb000 	C:\WINDOWS\System32\sechost.dll
0x00007ffed8a70000 - 0x00007ffed8b8f000 	C:\WINDOWS\System32\RPCRT4.dll
0x00007ffed6590000 - 0x00007ffed671f000 	C:\WINDOWS\System32\USER32.dll
0x00007ffed5070000 - 0x00007ffed5090000 	C:\WINDOWS\System32\win32u.dll
0x00007ffed6920000 - 0x00007ffed6948000 	C:\WINDOWS\System32\GDI32.dll
0x00007ffed57e0000 - 0x00007ffed5973000 	C:\WINDOWS\System32\gdi32full.dll
0x00007ffed5b50000 - 0x00007ffed5beb000 	C:\WINDOWS\System32\msvcp_win.dll
0x00007ffed5f90000 - 0x00007ffed6086000 	C:\WINDOWS\System32\ucrtbase.dll
0x00007ffecac50000 - 0x00007ffecaeb9000 	C:\WINDOWS\WinSxS\amd64_microsoft.windows.common-controls_6595b64144ccf1df_6.0.16299.309_none_15cfd4c4935e6b11\COMCTL32.dll
0x00007ffed7fc0000 - 0x00007ffed82c8000 	C:\WINDOWS\System32\combase.dll
0x00007ffed5c50000 - 0x00007ffed5cc2000 	C:\WINDOWS\System32\bcryptPrimitives.dll
0x00007ffed8370000 - 0x00007ffed839d000 	C:\WINDOWS\System32\IMM32.DLL
0x0000000075ce0000 - 0x0000000075db2000 	C:\Program Files\Java\jdk1.8.0_151\jre\bin\msvcr100.dll
0x0000000074bb0000 - 0x000000007544d000 	C:\Program Files\Java\jdk1.8.0_151\jre\bin\server\jvm.dll
0x00007ffed6910000 - 0x00007ffed6918000 	C:\WINDOWS\System32\PSAPI.DLL
0x00007ffecd020000 - 0x00007ffecd02a000 	C:\WINDOWS\SYSTEM32\VERSION.dll
0x00007ffecc0e0000 - 0x00007ffecc103000 	C:\WINDOWS\SYSTEM32\WINMM.dll
0x00007ffed2f20000 - 0x00007ffed2f29000 	C:\WINDOWS\SYSTEM32\WSOCK32.dll
0x00007ffed6720000 - 0x00007ffed678c000 	C:\WINDOWS\System32\WS2_32.dll
0x00007ffecbc30000 - 0x00007ffecbc5a000 	C:\WINDOWS\SYSTEM32\WINMMBASE.dll
0x00007ffed5f40000 - 0x00007ffed5f8a000 	C:\WINDOWS\System32\cfgmgr32.dll
0x0000000077070000 - 0x000000007707f000 	C:\Program Files\Java\jdk1.8.0_151\jre\bin\verify.dll
0x0000000075cb0000 - 0x0000000075cd9000 	C:\Program Files\Java\jdk1.8.0_151\jre\bin\java.dll
0x0000000077050000 - 0x0000000077066000 	C:\Program Files\Java\jdk1.8.0_151\jre\bin\zip.dll
0x00007ffed6ab0000 - 0x00007ffed7ee6000 	C:\WINDOWS\System32\SHELL32.dll
0x00007ffed6a00000 - 0x00007ffed6aa6000 	C:\WINDOWS\System32\shcore.dll
0x00007ffed5090000 - 0x00007ffed57d7000 	C:\WINDOWS\System32\windows.storage.dll
0x00007ffed6090000 - 0x00007ffed60e1000 	C:\WINDOWS\System32\shlwapi.dll
0x00007ffed4fa0000 - 0x00007ffed4fb1000 	C:\WINDOWS\System32\kernel.appcore.dll
0x00007ffed4f50000 - 0x00007ffed4f9c000 	C:\WINDOWS\System32\powrprof.dll
0x00007ffed4f10000 - 0x00007ffed4f2b000 	C:\WINDOWS\System32\profapi.dll
0x0000000075c90000 - 0x0000000075caa000 	C:\Program Files\Java\jdk1.8.0_151\jre\bin\net.dll
0x00007ffed4740000 - 0x00007ffed47a6000 	C:\WINDOWS\system32\mswsock.dll
0x0000000075c70000 - 0x0000000075c81000 	C:\Program Files\Java\jdk1.8.0_151\jre\bin\nio.dll
0x00007ffecf460000 - 0x00007ffecf47e000 	C:\Users\carlos.sanchez-v\.gradle\native\25\windows-amd64\native-platform.dll
0x0000000075c60000 - 0x0000000075c6d000 	C:\Program Files\Java\jdk1.8.0_151\jre\bin\management.dll
0x00007ffed4900000 - 0x00007ffed4917000 	C:\WINDOWS\SYSTEM32\CRYPTSP.dll
0x00007ffed4120000 - 0x00007ffed4153000 	C:\WINDOWS\system32\rsaenh.dll
0x00007ffed4a10000 - 0x00007ffed4a35000 	C:\WINDOWS\SYSTEM32\bcrypt.dll
0x00007ffed4e40000 - 0x00007ffed4e69000 	C:\WINDOWS\SYSTEM32\USERENV.dll
0x00007ffed4920000 - 0x00007ffed492b000 	C:\WINDOWS\SYSTEM32\CRYPTBASE.dll
0x00007ffed44d0000 - 0x00007ffed4509000 	C:\WINDOWS\SYSTEM32\IPHLPAPI.DLL
0x00007ffed6380000 - 0x00007ffed6388000 	C:\WINDOWS\System32\NSI.dll
0x00007ffed0a10000 - 0x00007ffed0a26000 	C:\WINDOWS\SYSTEM32\dhcpcsvc6.DLL
0x00007ffed09f0000 - 0x00007ffed0a0a000 	C:\WINDOWS\SYSTEM32\dhcpcsvc.DLL

VM Arguments:
jvm_args: -XX:+HeapDumpOnOutOfMemoryError -Xmx1024m -Dfile.encoding=windows-1252 -Duser.country=US -Duser.language=en -Duser.variant 
java_command: org.gradle.launcher.daemon.bootstrap.GradleDaemon 4.5.1
java_class_path (initial): C:\Users\carlos.sanchez-v\.gradle\wrapper\dists\gradle-4.5.1-bin\a5vbgfvpwtoqz8v2cdivxz28k\gradle-4.5.1\lib\gradle-launcher-4.5.1.jar
Launcher Type: SUN_STANDARD

Environment Variables:
JAVA_HOME=C:\Program Files\Java\jdk1.8.0_151
CLASSPATH=C:\Users\carlos.sanchez-v\Downloads\Spring-Boot\\gradle\wrapper\gradle-wrapper.jar
PATH=C:\Program Files\Haskell\bin;C:\Program Files\Haskell Platform\8.2.2\lib\extralibs\bin;C:\Program Files\Haskell Platform\8.2.2\bin;C:\ProgramData\Oracle\Java\javapath;C:\WINDOWS\system32;C:\WINDOWS;C:\WINDOWS\System32\Wbem;C:\WINDOWS\System32\WindowsPowerShell\v1.0\;C:\Program Files\Java\jdk1.8.0_151\bin;C:\Program Files\apache-maven-3.5.2\bin;C:\Program Files (x86)\NVIDIA Corporation\PhysX\Common;C:\Program Files\Git\cmd;C:\Program Files\nodejs\;C:\Gradle\gradle-4.5\bin;C:\Program Files\PuTTY\;C:\Program Files\Haskell Platform\8.2.2\mingw\bin;C:\Users\carlos.sanchez-v\AppData\Roaming\local\bin;C:\Users\carlos.sanchez-v\AppData\Roaming\cabal\bin;C:\Users\carlos.sanchez-v\AppData\Local\Microsoft\WindowsApps;C:\Users\carlos.sanchez-v\AppData\Roaming\npm;C:\Program Files\Microsoft VS Code\bin;C:\Users\carlos.sanchez-v\AppData\Local\Programs\radare2
USERNAME=carlos.sanchez-v
OS=Windows_NT
PROCESSOR_IDENTIFIER=Intel64 Family 6 Model 58 Stepping 9, GenuineIntel



---------------  S Y S T E M  ---------------

OS: Windows 10.0 , 64 bit Build 16299 (10.0.16299.15)

CPU:total 4 (initial active 4) (2 cores per cpu, 2 threads per core) family 6 model 58 stepping 9, cmov, cx8, fxsr, mmx, sse, sse2, sse3, ssse3, sse4.1, sse4.2, popcnt, avx, aes, clmul, erms, ht, tsc, tscinvbit, tscinv

Memory: 4k page, physical 8271408k(844300k free), swap 8271408k(3104k free)

vm_info: Java HotSpot(TM) 64-Bit Server VM (25.151-b12) for windows-amd64 JRE (1.8.0_151-b12), built on Sep  5 2017 19:33:46 by "java_re" with MS VC++ 10.0 (VS2010)

time: Fri Mar 23 18:58:36 2018
elapsed time: 3 seconds (0d 0h 0m 3s)

