#
# There is insufficient memory for the Java Runtime Environment to continue.
# Native memory allocation (malloc) failed to allocate 1976592 bytes for Chunk::new
# Possible reasons:
#   The system is out of physical RAM or swap space
#   In 32 bit mode, the process size limit was hit
# Possible solutions:
#   Reduce memory load on the system
#   Increase physical memory or swap space
#   Check if swap backing store is full
#   Use 64 bit Java on a 64 bit OS
#   Decrease Java heap size (-Xmx/-Xms)
#   Decrease number of Java threads
#   Decrease Java thread stack sizes (-Xss)
#   Set larger code cache with -XX:ReservedCodeCacheSize=
# This output file may be truncated or incomplete.
#
#  Out of Memory Error (allocation.cpp:390), pid=6316, tid=0x0000000000002be0
#
# JRE version: Java(TM) SE Runtime Environment (8.0_151-b12) (build 1.8.0_151-b12)
# Java VM: Java HotSpot(TM) 64-Bit Server VM (25.151-b12 mixed mode windows-amd64 compressed oops)
# Failed to write core dump. Minidumps are not enabled by default on client versions of Windows
#

---------------  T H R E A D  ---------------

Current thread (0x00000000199e3000):  JavaThread "C2 CompilerThread0" daemon [_thread_in_native, id=11232, stack(0x000000001b030000,0x000000001b130000)]

Stack: [0x000000001b030000,0x000000001b130000]
[error occurred during error reporting (printing stack bounds), id 0xc0000005]

Native frames: (J=compiled Java code, j=interpreted, Vv=VM code, C=native code)


Current CompileTask:
C2:  24262 3525   !   4       org.springframework.core.annotation.AnnotatedElementUtils::searchWithFindSemantics (713 bytes)


---------------  P R O C E S S  ---------------

Java Threads: ( => current thread )
  0x000000001e842800 JavaThread "DestroyJavaVM" [_thread_blocked, id=5824, stack(0x0000000004c10000,0x0000000004d10000)]
  0x000000001e841800 JavaThread "http-nio-8080-AsyncTimeout" daemon [_thread_blocked, id=10364, stack(0x0000000023160000,0x0000000023260000)]
  0x000000001e843000 JavaThread "http-nio-8080-Acceptor-0" daemon [_thread_in_native, id=4124, stack(0x0000000023060000,0x0000000023160000)]
  0x000000001e844800 JavaThread "http-nio-8080-ClientPoller-1" daemon [_thread_in_native, id=5400, stack(0x0000000022f60000,0x0000000023060000)]
  0x000000001e840000 JavaThread "http-nio-8080-ClientPoller-0" daemon [_thread_in_native, id=7816, stack(0x0000000022e60000,0x0000000022f60000)]
  0x000000001e6e1800 JavaThread "http-nio-8080-exec-10" daemon [_thread_blocked, id=4440, stack(0x0000000022d60000,0x0000000022e60000)]
  0x000000001e6e4000 JavaThread "http-nio-8080-exec-9" daemon [_thread_blocked, id=9236, stack(0x0000000022c60000,0x0000000022d60000)]
  0x000000001e6e1000 JavaThread "http-nio-8080-exec-8" daemon [_thread_blocked, id=7672, stack(0x0000000022b60000,0x0000000022c60000)]
  0x000000001e6e3000 JavaThread "http-nio-8080-exec-7" daemon [_thread_blocked, id=9956, stack(0x0000000022a60000,0x0000000022b60000)]
  0x000000001e6e2800 JavaThread "http-nio-8080-exec-6" daemon [_thread_blocked, id=9288, stack(0x0000000022960000,0x0000000022a60000)]
  0x000000001f6e1800 JavaThread "http-nio-8080-exec-5" daemon [_thread_blocked, id=5884, stack(0x0000000022860000,0x0000000022960000)]
  0x000000001f6e0800 JavaThread "http-nio-8080-exec-4" daemon [_thread_blocked, id=4088, stack(0x0000000022760000,0x0000000022860000)]
  0x000000001f6e0000 JavaThread "http-nio-8080-exec-3" daemon [_thread_blocked, id=12008, stack(0x0000000022660000,0x0000000022760000)]
  0x000000001fb7f800 JavaThread "http-nio-8080-exec-2" daemon [_thread_blocked, id=11492, stack(0x0000000022560000,0x0000000022660000)]
  0x000000001f439800 JavaThread "http-nio-8080-exec-1" daemon [_thread_blocked, id=10276, stack(0x0000000022460000,0x0000000022560000)]
  0x000000001ef5d000 JavaThread "NioBlockingSelector.BlockPoller-1" daemon [_thread_in_native, id=3744, stack(0x0000000022360000,0x0000000022460000)]
  0x000000001e852800 JavaThread "container-0" [_thread_blocked, id=8364, stack(0x0000000022260000,0x0000000022360000)]
  0x000000001ec88000 JavaThread "ContainerBackgroundProcessor[StandardEngine[Tomcat]]" daemon [_thread_blocked, id=10344, stack(0x0000000022160000,0x0000000022260000)]
  0x0000000019a3d800 JavaThread "Service Thread" daemon [_thread_blocked, id=11004, stack(0x000000001b730000,0x000000001b830000)]
  0x00000000199e8000 JavaThread "C1 CompilerThread2" daemon [_thread_blocked, id=1408, stack(0x000000001b230000,0x000000001b330000)]
  0x00000000199e5000 JavaThread "C2 CompilerThread1" daemon [_thread_blocked, id=6688, stack(0x000000001b130000,0x000000001b230000)]
=>0x00000000199e3000 JavaThread "C2 CompilerThread0" daemon [_thread_in_native, id=11232, stack(0x000000001b030000,0x000000001b130000)]
  0x00000000199e1000 JavaThread "Attach Listener" daemon [_thread_blocked, id=11820, stack(0x000000001af30000,0x000000001b030000)]
  0x00000000199df800 JavaThread "Signal Dispatcher" daemon [_thread_blocked, id=8512, stack(0x000000001ae30000,0x000000001af30000)]
  0x0000000004ead800 JavaThread "Finalizer" daemon [_thread_blocked, id=6972, stack(0x000000001ac40000,0x000000001ad40000)]
  0x0000000004ea2800 JavaThread "Reference Handler" daemon [_thread_blocked, id=5968, stack(0x000000001ab40000,0x000000001ac40000)]

Other Threads:
  0x00000000199a7800 VMThread [stack: 0x000000001aa40000,0x000000001ab40000] [id=5952]
  0x000000001b389000 WatcherThread [stack: 0x000000001b830000,0x000000001b930000] [id=10712]

VM state:not at safepoint (normal execution)

VM Mutex/Monitor currently owned by a thread: None

Heap:
 PSYoungGen      total 105472K, used 47262K [0x00000000d5f00000, 0x00000000dd380000, 0x0000000100000000)
  eden space 94720K, 39% used [0x00000000d5f00000,0x00000000d8334a38,0x00000000dbb80000)
  from space 10752K, 94% used [0x00000000dc700000,0x00000000dd0f2f30,0x00000000dd180000)
  to   space 11776K, 0% used [0x00000000dbb80000,0x00000000dbb80000,0x00000000dc700000)
 ParOldGen       total 61952K, used 12717K [0x0000000081c00000, 0x0000000085880000, 0x00000000d5f00000)
  object space 61952K, 20% used [0x0000000081c00000,0x000000008286b578,0x0000000085880000)
 Metaspace       used 33181K, capacity 33588K, committed 33920K, reserved 1079296K
  class space    used 4069K, capacity 4210K, committed 4224K, reserved 1048576K

Card table byte_map: [0x0000000014270000,0x0000000014670000] byte_map_base: 0x0000000013e62000

Marking Bits: (ParMarkBitMap*) 0x00000000753cd850
 Begin Bits: [0x0000000014d20000, 0x0000000016cb0000)
 End Bits:   [0x0000000016cb0000, 0x0000000018c40000)

Polling page: 0x0000000003430000

CodeCache: size=245760Kb used=11533Kb max_used=13110Kb free=234226Kb
 bounds [0x0000000004eb0000, 0x0000000005b90000, 0x0000000013eb0000]
 total_blobs=3557 nmethods=3117 adapters=352
 compilation: enabled

Compilation events (10 events):
Event: 22.550 Thread 0x00000000199e8000 3527       1       org.apache.tomcat.util.buf.ByteChunk::getBuffer (5 bytes)
Event: 22.550 Thread 0x00000000199e8000 nmethod 3527 0x0000000004fbcd10 code [0x0000000004fbce60, 0x0000000004fbcf70]
Event: 22.550 Thread 0x00000000199e8000 3528       1       java.nio.channels.spi.AbstractSelector::cancelledKeys (5 bytes)
Event: 22.550 Thread 0x00000000199e8000 nmethod 3528 0x0000000005172190 code [0x00000000051722e0, 0x00000000051723f0]
Event: 22.551 Thread 0x00000000199e8000 3529       3       java.nio.Buffer::nextPutIndex (31 bytes)
Event: 22.551 Thread 0x00000000199e8000 nmethod 3529 0x0000000004fd69d0 code [0x0000000004fd6b40, 0x0000000004fd6da8]
Event: 22.551 Thread 0x00000000199e8000 3530       3       org.apache.tomcat.util.buf.MessageBytes::recycle (40 bytes)
Event: 22.552 Thread 0x00000000199e8000 nmethod 3530 0x000000000506db90 code [0x000000000506dd00, 0x000000000506e0f0]
Event: 22.552 Thread 0x00000000199e8000 3531       3       org.apache.tomcat.util.buf.ByteChunk::recycle (10 bytes)
Event: 22.552 Thread 0x00000000199e8000 nmethod 3531 0x000000000518e350 code [0x000000000518e4a0, 0x000000000518e670]

GC Heap History (10 events):
Event: 1.813 GC heap before
{Heap before GC invocations=3 (full 0):
 PSYoungGen      total 38400K, used 38385K [0x00000000d5f00000, 0x00000000daa00000, 0x0000000100000000)
  eden space 33280K, 100% used [0x00000000d5f00000,0x00000000d7f80000,0x00000000d7f80000)
  from space 5120K, 99% used [0x00000000d8480000,0x00000000d897c738,0x00000000d8980000)
  to   space 5120K, 0% used [0x00000000d7f80000,0x00000000d7f80000,0x00000000d8480000)
 ParOldGen       total 87552K, used 2536K [0x0000000081c00000, 0x0000000087180000, 0x00000000d5f00000)
  object space 87552K, 2% used [0x0000000081c00000,0x0000000081e7a128,0x0000000087180000)
 Metaspace       used 18951K, capacity 19174K, committed 19328K, reserved 1067008K
  class space    used 2290K, capacity 2372K, committed 2432K, reserved 1048576K
Event: 1.826 GC heap after
Heap after GC invocations=3 (full 0):
 PSYoungGen      total 38400K, used 5104K [0x00000000d5f00000, 0x00000000daa00000, 0x0000000100000000)
  eden space 33280K, 0% used [0x00000000d5f00000,0x00000000d5f00000,0x00000000d7f80000)
  from space 5120K, 99% used [0x00000000d7f80000,0x00000000d847c010,0x00000000d8480000)
  to   space 5120K, 0% used [0x00000000da500000,0x00000000da500000,0x00000000daa00000)
 ParOldGen       total 87552K, used 4493K [0x0000000081c00000, 0x0000000087180000, 0x00000000d5f00000)
  object space 87552K, 5% used [0x0000000081c00000,0x0000000082063470,0x0000000087180000)
 Metaspace       used 18951K, capacity 19174K, committed 19328K, reserved 1067008K
  class space    used 2290K, capacity 2372K, committed 2432K, reserved 1048576K
}
Event: 2.266 GC heap before
{Heap before GC invocations=4 (full 0):
 PSYoungGen      total 38400K, used 27843K [0x00000000d5f00000, 0x00000000daa00000, 0x0000000100000000)
  eden space 33280K, 68% used [0x00000000d5f00000,0x00000000d7534fa0,0x00000000d7f80000)
  from space 5120K, 99% used [0x00000000d7f80000,0x00000000d847c010,0x00000000d8480000)
  to   space 5120K, 0% used [0x00000000da500000,0x00000000da500000,0x00000000daa00000)
 ParOldGen       total 87552K, used 4493K [0x0000000081c00000, 0x0000000087180000, 0x00000000d5f00000)
  object space 87552K, 5% used [0x0000000081c00000,0x0000000082063470,0x0000000087180000)
 Metaspace       used 20861K, capacity 21086K, committed 21296K, reserved 1069056K
  class space    used 2527K, capacity 2600K, committed 2688K, reserved 1048576K
Event: 2.281 GC heap after
Heap after GC invocations=4 (full 0):
 PSYoungGen      total 71680K, used 5088K [0x00000000d5f00000, 0x00000000daa00000, 0x0000000100000000)
  eden space 66560K, 0% used [0x00000000d5f00000,0x00000000d5f00000,0x00000000da000000)
  from space 5120K, 99% used [0x00000000da500000,0x00000000da9f8040,0x00000000daa00000)
  to   space 5120K, 0% used [0x00000000da000000,0x00000000da000000,0x00000000da500000)
 ParOldGen       total 87552K, used 6699K [0x0000000081c00000, 0x0000000087180000, 0x00000000d5f00000)
  object space 87552K, 7% used [0x0000000081c00000,0x000000008228aee8,0x0000000087180000)
 Metaspace       used 20861K, capacity 21086K, committed 21296K, reserved 1069056K
  class space    used 2527K, capacity 2600K, committed 2688K, reserved 1048576K
}
Event: 2.281 GC heap before
{Heap before GC invocations=5 (full 1):
 PSYoungGen      total 71680K, used 5088K [0x00000000d5f00000, 0x00000000daa00000, 0x0000000100000000)
  eden space 66560K, 0% used [0x00000000d5f00000,0x00000000d5f00000,0x00000000da000000)
  from space 5120K, 99% used [0x00000000da500000,0x00000000da9f8040,0x00000000daa00000)
  to   space 5120K, 0% used [0x00000000da000000,0x00000000da000000,0x00000000da500000)
 ParOldGen       total 87552K, used 6699K [0x0000000081c00000, 0x0000000087180000, 0x00000000d5f00000)
  object space 87552K, 7% used [0x0000000081c00000,0x000000008228aee8,0x0000000087180000)
 Metaspace       used 20861K, capacity 21086K, committed 21296K, reserved 1069056K
  class space    used 2527K, capacity 2600K, committed 2688K, reserved 1048576K
Event: 2.334 GC heap after
Heap after GC invocations=5 (full 1):
 PSYoungGen      total 71680K, used 0K [0x00000000d5f00000, 0x00000000daa00000, 0x0000000100000000)
  eden space 66560K, 0% used [0x00000000d5f00000,0x00000000d5f00000,0x00000000da000000)
  from space 5120K, 0% used [0x00000000da500000,0x00000000da500000,0x00000000daa00000)
  to   space 5120K, 0% used [0x00000000da000000,0x00000000da000000,0x00000000da500000)
 ParOldGen       total 61952K, used 7254K [0x0000000081c00000, 0x0000000085880000, 0x00000000d5f00000)
  object space 61952K, 11% used [0x0000000081c00000,0x0000000082315b10,0x0000000085880000)
 Metaspace       used 20861K, capacity 21086K, committed 21296K, reserved 1069056K
  class space    used 2527K, capacity 2600K, committed 2688K, reserved 1048576K
}
Event: 3.793 GC heap before
{Heap before GC invocations=6 (full 1):
 PSYoungGen      total 71680K, used 66560K [0x00000000d5f00000, 0x00000000daa00000, 0x0000000100000000)
  eden space 66560K, 100% used [0x00000000d5f00000,0x00000000da000000,0x00000000da000000)
  from space 5120K, 0% used [0x00000000da500000,0x00000000da500000,0x00000000daa00000)
  to   space 5120K, 0% used [0x00000000da000000,0x00000000da000000,0x00000000da500000)
 ParOldGen       total 61952K, used 7254K [0x0000000081c00000, 0x0000000085880000, 0x00000000d5f00000)
  object space 61952K, 11% used [0x0000000081c00000,0x0000000082315b10,0x0000000085880000)
 Metaspace       used 26423K, capacity 26756K, committed 27008K, reserved 1073152K
  class space    used 3240K, capacity 3337K, committed 3456K, reserved 1048576K
Event: 3.811 GC heap after
Heap after GC invocations=6 (full 1):
 PSYoungGen      total 71680K, used 5095K [0x00000000d5f00000, 0x00000000dd180000, 0x0000000100000000)
  eden space 66560K, 0% used [0x00000000d5f00000,0x00000000d5f00000,0x00000000da000000)
  from space 5120K, 99% used [0x00000000da000000,0x00000000da4f9ec0,0x00000000da500000)
  to   space 10752K, 0% used [0x00000000dc700000,0x00000000dc700000,0x00000000dd180000)
 ParOldGen       total 61952K, used 12709K [0x0000000081c00000, 0x0000000085880000, 0x00000000d5f00000)
  object space 61952K, 20% used [0x0000000081c00000,0x0000000082869578,0x0000000085880000)
 Metaspace       used 26423K, capacity 26756K, committed 27008K, reserved 1073152K
  class space    used 3240K, capacity 3337K, committed 3456K, reserved 1048576K
}
Event: 4.797 GC heap before
{Heap before GC invocations=7 (full 1):
 PSYoungGen      total 71680K, used 71655K [0x00000000d5f00000, 0x00000000dd180000, 0x0000000100000000)
  eden space 66560K, 100% used [0x00000000d5f00000,0x00000000da000000,0x00000000da000000)
  from space 5120K, 99% used [0x00000000da000000,0x00000000da4f9ec0,0x00000000da500000)
  to   space 10752K, 0% used [0x00000000dc700000,0x00000000dc700000,0x00000000dd180000)
 ParOldGen       total 61952K, used 12709K [0x0000000081c00000, 0x0000000085880000, 0x00000000d5f00000)
  object space 61952K, 20% used [0x0000000081c00000,0x0000000082869578,0x0000000085880000)
 Metaspace       used 28429K, capacity 28684K, committed 29056K, reserved 1075200K
  class space    used 3500K, capacity 3605K, committed 3712K, reserved 1048576K
Event: 4.813 GC heap after
Heap after GC invocations=7 (full 1):
 PSYoungGen      total 105472K, used 10187K [0x00000000d5f00000, 0x00000000dd380000, 0x0000000100000000)
  eden space 94720K, 0% used [0x00000000d5f00000,0x00000000d5f00000,0x00000000dbb80000)
  from space 10752K, 94% used [0x00000000dc700000,0x00000000dd0f2f30,0x00000000dd180000)
  to   space 11776K, 0% used [0x00000000dbb80000,0x00000000dbb80000,0x00000000dc700000)
 ParOldGen       total 61952K, used 12717K [0x0000000081c00000, 0x0000000085880000, 0x00000000d5f00000)
  object space 61952K, 20% used [0x0000000081c00000,0x000000008286b578,0x0000000085880000)
 Metaspace       used 28429K, capacity 28684K, committed 29056K, reserved 1075200K
  class space    used 3500K, capacity 3605K, committed 3712K, reserved 1048576K
}

Deoptimization events (10 events):
Event: 21.272 Thread 0x000000001fb7f800 Uncommon trap: reason=unstable_if action=reinterpret pc=0x0000000004fbc87c method=java.util.jar.JarFile.maybeInstantiateVerifier()V @ 75
Event: 21.528 Thread 0x000000001fb7f800 Uncommon trap: reason=bimorphic action=maybe_recompile pc=0x00000000051998b4 method=java.net.URL.<init>(Ljava/net/URL;Ljava/lang/String;Ljava/net/URLStreamHandler;)V @ 504
Event: 21.528 Thread 0x000000001fb7f800 Uncommon trap: reason=unstable_if action=reinterpret pc=0x0000000005912cd0 method=java.net.URLStreamHandler.parseURL(Ljava/net/URL;Ljava/lang/String;II)V @ 155
Event: 21.703 Thread 0x000000001fb7f800 Uncommon trap: reason=bimorphic action=maybe_recompile pc=0x00000000058e053c method=java.util.AbstractList$Itr.next()Ljava/lang/Object; @ 14
Event: 22.493 Thread 0x000000001f6e0000 Uncommon trap: reason=bimorphic action=maybe_recompile pc=0x000000000531c4c8 method=java.util.regex.Pattern$CharProperty.match(Ljava/util/regex/Matcher;ILjava/lang/CharSequence;)Z @ 37
Event: 22.494 Thread 0x000000001f6e0000 Uncommon trap: reason=bimorphic action=maybe_recompile pc=0x000000000531c4c8 method=java.util.regex.Pattern$CharProperty.match(Ljava/util/regex/Matcher;ILjava/lang/CharSequence;)Z @ 37
Event: 22.494 Thread 0x000000001f6e0000 Uncommon trap: reason=bimorphic action=maybe_recompile pc=0x000000000531c4c8 method=java.util.regex.Pattern$CharProperty.match(Ljava/util/regex/Matcher;ILjava/lang/CharSequence;)Z @ 37
Event: 22.494 Thread 0x000000001f6e0000 Uncommon trap: reason=bimorphic action=maybe_recompile pc=0x000000000531c4c8 method=java.util.regex.Pattern$CharProperty.match(Ljava/util/regex/Matcher;ILjava/lang/CharSequence;)Z @ 37
Event: 22.529 Thread 0x000000001f6e0800 Uncommon trap: reason=bimorphic action=maybe_recompile pc=0x00000000058e053c method=java.util.AbstractList$Itr.next()Ljava/lang/Object; @ 14
Event: 22.547 Thread 0x000000001f6e0800 Uncommon trap: reason=bimorphic action=maybe_recompile pc=0x00000000058e053c method=java.util.AbstractList$Itr.next()Ljava/lang/Object; @ 14

Internal exceptions (10 events):
Event: 20.708 Thread 0x000000001f439800 Exception <a 'java/lang/ClassNotFoundException': org/springframework/web/servlet/theme/FixedThemeResolverCustomizer> (0x00000000d6cf7fa0) thrown at [C:\re\workspace\8-2-build-windows-amd64-cygwin\jdk8u151\9699\hotspot\src\share\vm\classfile\systemDictiona
Event: 20.711 Thread 0x000000001f439800 Exception <a 'java/lang/ClassNotFoundException': org/springframework/web/servlet/ThemeResolverCustomizer> (0x00000000d6d09ab0) thrown at [C:\re\workspace\8-2-build-windows-amd64-cygwin\jdk8u151\9699\hotspot\src\share\vm\classfile\systemDictionary.cpp, lin
Event: 20.716 Thread 0x000000001f439800 Exception <a 'java/lang/ClassNotFoundException': java/lang/ObjectCustomizer> (0x00000000d6d20b20) thrown at [C:\re\workspace\8-2-build-windows-amd64-cygwin\jdk8u151\9699\hotspot\src\share\vm\classfile\systemDictionary.cpp, line 210]
Event: 20.719 Thread 0x000000001f439800 Exception <a 'java/lang/ClassNotFoundException': org/springframework/web/servlet/view/DefaultRequestToViewNameTranslatorCustomizer> (0x00000000d6d35dc8) thrown at [C:\re\workspace\8-2-build-windows-amd64-cygwin\jdk8u151\9699\hotspot\src\share\vm\classfile
Event: 20.721 Thread 0x000000001f439800 Exception <a 'java/lang/ClassNotFoundException': org/springframework/web/servlet/RequestToViewNameTranslatorCustomizer> (0x00000000d6d579e8) thrown at [C:\re\workspace\8-2-build-windows-amd64-cygwin\jdk8u151\9699\hotspot\src\share\vm\classfile\systemDicti
Event: 20.728 Thread 0x000000001f439800 Exception <a 'java/lang/ClassNotFoundException': java/lang/ObjectCustomizer> (0x00000000d6d7f808) thrown at [C:\re\workspace\8-2-build-windows-amd64-cygwin\jdk8u151\9699\hotspot\src\share\vm\classfile\systemDictionary.cpp, line 210]
Event: 20.729 Thread 0x000000001f439800 Exception <a 'java/lang/ClassNotFoundException': org/springframework/web/servlet/support/AbstractFlashMapManagerCustomizer> (0x00000000d6d93a78) thrown at [C:\re\workspace\8-2-build-windows-amd64-cygwin\jdk8u151\9699\hotspot\src\share\vm\classfile\systemD
Event: 20.731 Thread 0x000000001f439800 Exception <a 'java/lang/ClassNotFoundException': org/springframework/web/servlet/support/SessionFlashMapManagerCustomizer> (0x00000000d6dabb60) thrown at [C:\re\workspace\8-2-build-windows-amd64-cygwin\jdk8u151\9699\hotspot\src\share\vm\classfile\systemDi
Event: 20.734 Thread 0x000000001f439800 Exception <a 'java/lang/ClassNotFoundException': org/springframework/web/servlet/FlashMapManagerCustomizer> (0x00000000d6dbd2a0) thrown at [C:\re\workspace\8-2-build-windows-amd64-cygwin\jdk8u151\9699\hotspot\src\share\vm\classfile\systemDictionary.cpp, l
Event: 20.880 Thread 0x000000001fb7f800 Implicit null exception at 0x0000000005a8f20d to 0x0000000005a99dbd

Events (10 events):
Event: 22.551 Thread 0x00000000199e8000 flushing nmethod 0x0000000005735410
Event: 22.551 Thread 0x00000000199e8000 flushing nmethod 0x0000000005740b50
Event: 22.551 Thread 0x00000000199e8000 flushing nmethod 0x0000000005752dd0
Event: 22.551 Thread 0x00000000199e8000 flushing nmethod 0x000000000577ead0
Event: 22.551 Thread 0x00000000199e8000 flushing nmethod 0x00000000057c3810
Event: 22.552 Thread 0x00000000199e8000 flushing nmethod 0x0000000005833950
Event: 22.552 Thread 0x00000000199e8000 flushing nmethod 0x0000000005845f10
Event: 22.552 Thread 0x00000000199e8000 flushing nmethod 0x000000000584f7d0
Event: 22.552 Thread 0x00000000199e8000 flushing nmethod 0x0000000005891390
Event: 22.552 Thread 0x00000000199e8000 flushing nmethod 0x00000000058bc010


Dynamic libraries:
0x00007ff726790000 - 0x00007ff7267c7000 	C:\Program Files\Java\jdk1.8.0_151\bin\java.exe
0x00007ffed8bc0000 - 0x00007ffed8da0000 	C:\WINDOWS\SYSTEM32\ntdll.dll
0x00007ffed6250000 - 0x00007ffed62fe000 	C:\WINDOWS\System32\KERNEL32.DLL
0x00007ffed5cd0000 - 0x00007ffed5f36000 	C:\WINDOWS\System32\KERNELBASE.dll
0x00007ffed6950000 - 0x00007ffed69f1000 	C:\WINDOWS\System32\ADVAPI32.dll
0x00007ffed82d0000 - 0x00007ffed836d000 	C:\WINDOWS\System32\msvcrt.dll
0x00007ffed6790000 - 0x00007ffed67eb000 	C:\WINDOWS\System32\sechost.dll
0x00007ffed8a70000 - 0x00007ffed8b8f000 	C:\WINDOWS\System32\RPCRT4.dll
0x00007ffed6590000 - 0x00007ffed671f000 	C:\WINDOWS\System32\USER32.dll
0x00007ffed5070000 - 0x00007ffed5090000 	C:\WINDOWS\System32\win32u.dll
0x00007ffed6920000 - 0x00007ffed6948000 	C:\WINDOWS\System32\GDI32.dll
0x00007ffed57e0000 - 0x00007ffed5973000 	C:\WINDOWS\System32\gdi32full.dll
0x00007ffed5b50000 - 0x00007ffed5beb000 	C:\WINDOWS\System32\msvcp_win.dll
0x00007ffed5f90000 - 0x00007ffed6086000 	C:\WINDOWS\System32\ucrtbase.dll
0x00007ffecac50000 - 0x00007ffecaeb9000 	C:\WINDOWS\WinSxS\amd64_microsoft.windows.common-controls_6595b64144ccf1df_6.0.16299.309_none_15cfd4c4935e6b11\COMCTL32.dll
0x00007ffed7fc0000 - 0x00007ffed82c8000 	C:\WINDOWS\System32\combase.dll
0x00007ffed5c50000 - 0x00007ffed5cc2000 	C:\WINDOWS\System32\bcryptPrimitives.dll
0x00007ffed8370000 - 0x00007ffed839d000 	C:\WINDOWS\System32\IMM32.DLL
0x0000000075ce0000 - 0x0000000075db2000 	C:\Program Files\Java\jdk1.8.0_151\jre\bin\msvcr100.dll
0x0000000074bb0000 - 0x000000007544d000 	C:\Program Files\Java\jdk1.8.0_151\jre\bin\server\jvm.dll
0x00007ffed6910000 - 0x00007ffed6918000 	C:\WINDOWS\System32\PSAPI.DLL
0x00007ffecd020000 - 0x00007ffecd02a000 	C:\WINDOWS\SYSTEM32\VERSION.dll
0x00007ffecc0e0000 - 0x00007ffecc103000 	C:\WINDOWS\SYSTEM32\WINMM.dll
0x00007ffec8b00000 - 0x00007ffec8b09000 	C:\WINDOWS\SYSTEM32\WSOCK32.dll
0x00007ffed6720000 - 0x00007ffed678c000 	C:\WINDOWS\System32\WS2_32.dll
0x00007ffecbc30000 - 0x00007ffecbc5a000 	C:\WINDOWS\SYSTEM32\WINMMBASE.dll
0x00007ffed5f40000 - 0x00007ffed5f8a000 	C:\WINDOWS\System32\cfgmgr32.dll
0x0000000077070000 - 0x000000007707f000 	C:\Program Files\Java\jdk1.8.0_151\jre\bin\verify.dll
0x0000000075cb0000 - 0x0000000075cd9000 	C:\Program Files\Java\jdk1.8.0_151\jre\bin\java.dll
0x0000000077050000 - 0x0000000077066000 	C:\Program Files\Java\jdk1.8.0_151\jre\bin\zip.dll
0x00007ffed6ab0000 - 0x00007ffed7ee6000 	C:\WINDOWS\System32\SHELL32.dll
0x00007ffed6a00000 - 0x00007ffed6aa6000 	C:\WINDOWS\System32\shcore.dll
0x00007ffed5090000 - 0x00007ffed57d7000 	C:\WINDOWS\System32\windows.storage.dll
0x00007ffed6090000 - 0x00007ffed60e1000 	C:\WINDOWS\System32\shlwapi.dll
0x00007ffed4fa0000 - 0x00007ffed4fb1000 	C:\WINDOWS\System32\kernel.appcore.dll
0x00007ffed4f50000 - 0x00007ffed4f9c000 	C:\WINDOWS\System32\powrprof.dll
0x00007ffed4f10000 - 0x00007ffed4f2b000 	C:\WINDOWS\System32\profapi.dll
0x0000000075c60000 - 0x0000000075c6d000 	C:\Program Files\Java\jdk1.8.0_151\jre\bin\management.dll
0x0000000075c90000 - 0x0000000075caa000 	C:\Program Files\Java\jdk1.8.0_151\jre\bin\net.dll
0x00007ffed4740000 - 0x00007ffed47a6000 	C:\WINDOWS\system32\mswsock.dll
0x00007ffed2ef0000 - 0x00007ffed2f06000 	C:\WINDOWS\system32\napinsp.dll
0x00007ffed1dc0000 - 0x00007ffed1dda000 	C:\WINDOWS\system32\pnrpnsp.dll
0x00007ffed0500000 - 0x00007ffed0518000 	C:\WINDOWS\system32\NLAapi.dll
0x00007ffed4510000 - 0x00007ffed45c6000 	C:\WINDOWS\SYSTEM32\DNSAPI.dll
0x00007ffed6380000 - 0x00007ffed6388000 	C:\WINDOWS\System32\NSI.dll
0x00007ffed44d0000 - 0x00007ffed4509000 	C:\WINDOWS\SYSTEM32\IPHLPAPI.DLL
0x00007ffed2ee0000 - 0x00007ffed2eee000 	C:\WINDOWS\System32\winrnr.dll
0x00007ffed1da0000 - 0x00007ffed1db5000 	C:\WINDOWS\System32\wshbth.dll
0x00007ffecf2c0000 - 0x00007ffecf2ca000 	C:\Windows\System32\rasadhlp.dll
0x00007ffecf980000 - 0x00007ffecf9f0000 	C:\WINDOWS\System32\fwpuclnt.dll
0x00007ffed4a10000 - 0x00007ffed4a35000 	C:\WINDOWS\SYSTEM32\bcrypt.dll
0x0000000075c70000 - 0x0000000075c81000 	C:\Program Files\Java\jdk1.8.0_151\jre\bin\nio.dll
0x00007ffed4900000 - 0x00007ffed4917000 	C:\WINDOWS\SYSTEM32\CRYPTSP.dll
0x00007ffed4120000 - 0x00007ffed4153000 	C:\WINDOWS\system32\rsaenh.dll
0x00007ffed4e40000 - 0x00007ffed4e69000 	C:\WINDOWS\SYSTEM32\USERENV.dll
0x00007ffed4920000 - 0x00007ffed492b000 	C:\WINDOWS\SYSTEM32\CRYPTBASE.dll
0x00007ffed0a10000 - 0x00007ffed0a26000 	C:\WINDOWS\SYSTEM32\dhcpcsvc6.DLL
0x00007ffed09f0000 - 0x00007ffed0a0a000 	C:\WINDOWS\SYSTEM32\dhcpcsvc.DLL
0x0000000075c30000 - 0x0000000075c54000 	C:\Program Files\Java\jdk1.8.0_151\jre\bin\sunec.dll

VM Arguments:
jvm_args: -Dfile.encoding=windows-1252 -Duser.country=US -Duser.language=en -Duser.variant 
java_command: edu.eci.cosw.searchat.searchatapi.SearchatApiApplication
java_class_path (initial): C:\Users\carlos.sanchez-v\Downloads\Spring-Boot\build\classes\java\main;C:\Users\carlos.sanchez-v\Downloads\Spring-Boot\build\resources\main;C:\Users\carlos.sanchez-v\.gradle\caches\modules-2\files-2.1\io.jsonwebtoken\jjwt\0.6.0\3c8a7897b9ca31c83d3dd364be7f75ce5cd417d7\jjwt-0.6.0.jar;C:\Users\carlos.sanchez-v\.gradle\caches\modules-2\files-2.1\org.springframework.boot\spring-boot-starter-web\1.5.10.RELEASE\8bc445f3ee81e5322e46b28cbb33bca1800b69d9\spring-boot-starter-web-1.5.10.RELEASE.jar;C:\Users\carlos.sanchez-v\.gradle\caches\modules-2\files-2.1\com.fasterxml.jackson.core\jackson-databind\2.8.10\f7b83cb2bc4b88d53961e749e1ad32f49ef017b7\jackson-databind-2.8.10.jar;C:\Users\carlos.sanchez-v\.gradle\caches\modules-2\files-2.1\org.springframework.boot\spring-boot-starter\1.5.10.RELEASE\d935ac98f84c1d97d7ccd702d21abdc236fa7aa0\spring-boot-starter-1.5.10.RELEASE.jar;C:\Users\carlos.sanchez-v\.gradle\caches\modules-2\files-2.1\org.springframework.boot\spring-boot-starter-tomcat\1.5.10.RELEASE\11e474e265f1c68fc435dddbac42ab3574b5e4b6\spring-boot-starter-tomcat-1.5.10.RELEASE.jar;C:\Users\carlos.sanchez-v\.gradle\caches\modules-2\files-2.1\org.hibernate\hibernate-validator\5.3.6.Final\4c730be8bf55a8e9a61e79a2f2c079abf48b718\hibernate-validator-5.3.6.Final.jar;C:\Users\carlos.sanchez-v\.gradle\caches\modules-2\files-2.1\org.springframework\spring-webmvc\4.3.14.RELEASE\1571eab8a807005d424ca16fedd54b1f439787b2\spring-webmvc-4.3.14.RELEASE.jar;C:\Users\carlos.sanchez-v\.gradle\caches\modules-2\files-2.1\org.springframework\spring-web\4.3.14.RELEASE\a0c3bf3ad661db185675bd5af350f35ed11f0903\spring-web-4.3.14.RELEASE.jar;C:\Users\carlos.sanchez-v\.gradle\caches\modules-2\files-2.1\com.fasterxml.jackson.core\jackson-annotations\2.8.0\45b426f7796b741035581a176744d91090e2e6fb\jackson-annotations-2.8.0.jar;C:\Users\carlos.sanchez-v\.gradle\caches\modules-2\files-2.1\com.fasterxml.jackson.core\jackson-core\2.8.10\eb21a035c66ad307e66ec8fce37f5d50fd62d039\j
Launcher Type: SUN_STANDARD

Environment Variables:
JAVA_HOME=C:\Program Files\Java\jdk1.8.0_151
CLASSPATH=C:\Users\carlos.sanchez-v\Downloads\Spring-Boot\\gradle\wrapper\gradle-wrapper.jar
PATH=C:\Program Files\Haskell\bin;C:\Program Files\Haskell Platform\8.2.2\lib\extralibs\bin;C:\Program Files\Haskell Platform\8.2.2\bin;C:\ProgramData\Oracle\Java\javapath;C:\WINDOWS\system32;C:\WINDOWS;C:\WINDOWS\System32\Wbem;C:\WINDOWS\System32\WindowsPowerShell\v1.0\;C:\Program Files\Java\jdk1.8.0_151\bin;C:\Program Files\apache-maven-3.5.2\bin;C:\Program Files (x86)\NVIDIA Corporation\PhysX\Common;C:\Program Files\Git\cmd;C:\Program Files\nodejs\;C:\Gradle\gradle-4.5\bin;C:\Program Files\PuTTY\;C:\Program Files\Haskell Platform\8.2.2\mingw\bin;C:\Users\carlos.sanchez-v\AppData\Roaming\local\bin;C:\Users\carlos.sanchez-v\AppData\Roaming\cabal\bin;C:\Users\carlos.sanchez-v\AppData\Local\Microsoft\WindowsApps;C:\Users\carlos.sanchez-v\AppData\Roaming\npm;C:\Program Files\Microsoft VS Code\bin;C:\Users\carlos.sanchez-v\AppData\Local\Programs\radare2
USERNAME=carlos.sanchez-v
OS=Windows_NT
PROCESSOR_IDENTIFIER=Intel64 Family 6 Model 58 Stepping 9, GenuineIntel



---------------  S Y S T E M  ---------------

OS: Windows 10.0 , 64 bit Build 16299 (10.0.16299.15)

CPU:total 4 (initial active 4) (2 cores per cpu, 2 threads per core) family 6 model 58 stepping 9, cmov, cx8, fxsr, mmx, sse, sse2, sse3, ssse3, sse4.1, sse4.2, popcnt, avx, aes, clmul, erms, ht, tsc, tscinvbit, tscinv

Memory: 4k page, physical 8271408k(817012k free), swap 8271408k(4728k free)

vm_info: Java HotSpot(TM) 64-Bit Server VM (25.151-b12) for windows-amd64 JRE (1.8.0_151-b12), built on Sep  5 2017 19:33:46 by "java_re" with MS VC++ 10.0 (VS2010)

time: Fri Mar 23 18:24:55 2018
elapsed time: 24 seconds (0d 0h 0m 24s)

