#
# There is insufficient memory for the Java Runtime Environment to continue.
# Native memory allocation (malloc) failed to allocate 1048576 bytes for AllocateHeap
# Possible reasons:
#   The system is out of physical RAM or swap space
#   In 32 bit mode, the process size limit was hit
# Possible solutions:
#   Reduce memory load on the system
#   Increase physical memory or swap space
#   Check if swap backing store is full
#   Use 64 bit Java on a 64 bit OS
#   Decrease Java heap size (-Xmx/-Xms)
#   Decrease number of Java threads
#   Decrease Java thread stack sizes (-Xss)
#   Set larger code cache with -XX:ReservedCodeCacheSize=
# This output file may be truncated or incomplete.
#
#  Out of Memory Error (memory/allocation.inline.hpp:61), pid=10424, tid=0x0000000000002480
#
# JRE version:  (8.0_151-b12) (build )
# Java VM: Java HotSpot(TM) 64-Bit Server VM (25.151-b12 mixed mode windows-amd64 compressed oops)
# Failed to write core dump. Minidumps are not enabled by default on client versions of Windows
#

---------------  T H R E A D  ---------------

Current thread (0x00000000045e4000):  JavaThread "Unknown thread" [_thread_in_vm, id=9344, stack(0x00000000044b0000,0x00000000045b0000)]

Stack: [0x00000000044b0000,0x00000000045b0000]
[error occurred during error reporting (printing stack bounds), id 0xc0000005]

Native frames: (J=compiled Java code, j=interpreted, Vv=VM code, C=native code)


---------------  P R O C E S S  ---------------

Java Threads: ( => current thread )

Other Threads:

=>0x00000000045e4000 (exited) JavaThread "Unknown thread" [_thread_in_vm, id=9344, stack(0x00000000044b0000,0x00000000045b0000)]

VM state:not at safepoint (normal execution)

VM Mutex/Monitor currently owned by a thread: None

Heap:
 PSYoungGen      total 38400K, used 665K [0x00000000d5f00000, 0x00000000d8980000, 0x0000000100000000)
  eden space 33280K, 2% used [0x00000000d5f00000,0x00000000d5fa6670,0x00000000d7f80000)
  from space 5120K, 0% used [0x00000000d8480000,0x00000000d8480000,0x00000000d8980000)
  to   space 5120K, 0% used [0x00000000d7f80000,0x00000000d7f80000,0x00000000d8480000)
 ParOldGen       total 87552K, used 0K [0x0000000081c00000, 0x0000000087180000, 0x00000000d5f00000)
  object space 87552K, 0% used [0x0000000081c00000,0x0000000081c00000,0x0000000087180000)
 Metaspace       used 770K, capacity 4480K, committed 4480K, reserved 1056768K
  class space    used 75K, capacity 384K, committed 384K, reserved 1048576K

Card table byte_map: [0x0000000013b40000,0x0000000013f40000] byte_map_base: 0x0000000013732000

Marking Bits: (ParMarkBitMap*) 0x00000000753cd850
 Begin Bits: [0x00000000145f0000, 0x0000000016580000)
 End Bits:   [0x0000000016580000, 0x0000000018510000)

Polling page: 0x00000000045c0000

CodeCache: size=245760Kb used=328Kb max_used=328Kb free=245431Kb
 bounds [0x0000000004780000, 0x00000000049f0000, 0x0000000013780000]
 total_blobs=58 nmethods=0 adapters=38
 compilation: enabled

Compilation events (0 events):
No events

GC Heap History (0 events):
No events

Deoptimization events (0 events):
No events

Internal exceptions (0 events):
No events

Events (10 events):
Event: 0.031 loading class java/lang/Short
Event: 0.031 loading class java/lang/Short done
Event: 0.031 loading class java/lang/Integer
Event: 0.031 loading class java/lang/Integer done
Event: 0.031 loading class java/lang/Long
Event: 0.031 loading class java/lang/Long done
Event: 0.032 loading class java/lang/NullPointerException
Event: 0.033 loading class java/lang/NullPointerException done
Event: 0.033 loading class java/lang/ArithmeticException
Event: 0.033 loading class java/lang/ArithmeticException done


Dynamic libraries:
0x00007ff726790000 - 0x00007ff7267c7000 	C:\Program Files\Java\jdk1.8.0_151\bin\java.exe
0x00007ffed8bc0000 - 0x00007ffed8da0000 	C:\WINDOWS\SYSTEM32\ntdll.dll
0x00007ffed6250000 - 0x00007ffed62fe000 	C:\WINDOWS\System32\KERNEL32.DLL
0x00007ffed5cd0000 - 0x00007ffed5f36000 	C:\WINDOWS\System32\KERNELBASE.dll
0x00007ffed6950000 - 0x00007ffed69f1000 	C:\WINDOWS\System32\ADVAPI32.dll
0x00007ffed82d0000 - 0x00007ffed836d000 	C:\WINDOWS\System32\msvcrt.dll
0x00007ffed6790000 - 0x00007ffed67eb000 	C:\WINDOWS\System32\sechost.dll
0x00007ffed8a70000 - 0x00007ffed8b8f000 	C:\WINDOWS\System32\RPCRT4.dll
0x00007ffed6590000 - 0x00007ffed671f000 	C:\WINDOWS\System32\USER32.dll
0x00007ffed5070000 - 0x00007ffed5090000 	C:\WINDOWS\System32\win32u.dll
0x00007ffed6920000 - 0x00007ffed6948000 	C:\WINDOWS\System32\GDI32.dll
0x00007ffed57e0000 - 0x00007ffed5973000 	C:\WINDOWS\System32\gdi32full.dll
0x00007ffed5b50000 - 0x00007ffed5beb000 	C:\WINDOWS\System32\msvcp_win.dll
0x00007ffed5f90000 - 0x00007ffed6086000 	C:\WINDOWS\System32\ucrtbase.dll
0x00007ffecac50000 - 0x00007ffecaeb9000 	C:\WINDOWS\WinSxS\amd64_microsoft.windows.common-controls_6595b64144ccf1df_6.0.16299.309_none_15cfd4c4935e6b11\COMCTL32.dll
0x00007ffed7fc0000 - 0x00007ffed82c8000 	C:\WINDOWS\System32\combase.dll
0x00007ffed5c50000 - 0x00007ffed5cc2000 	C:\WINDOWS\System32\bcryptPrimitives.dll
0x00007ffed8370000 - 0x00007ffed839d000 	C:\WINDOWS\System32\IMM32.DLL
0x0000000075ce0000 - 0x0000000075db2000 	C:\Program Files\Java\jdk1.8.0_151\jre\bin\msvcr100.dll
0x0000000074bb0000 - 0x000000007544d000 	C:\Program Files\Java\jdk1.8.0_151\jre\bin\server\jvm.dll
0x00007ffed6910000 - 0x00007ffed6918000 	C:\WINDOWS\System32\PSAPI.DLL
0x00007ffecc0e0000 - 0x00007ffecc103000 	C:\WINDOWS\SYSTEM32\WINMM.dll
0x00007ffecd020000 - 0x00007ffecd02a000 	C:\WINDOWS\SYSTEM32\VERSION.dll
0x00007ffec8b00000 - 0x00007ffec8b09000 	C:\WINDOWS\SYSTEM32\WSOCK32.dll
0x00007ffed6720000 - 0x00007ffed678c000 	C:\WINDOWS\System32\WS2_32.dll
0x00007ffecbc30000 - 0x00007ffecbc5a000 	C:\WINDOWS\SYSTEM32\winmmbase.dll
0x00007ffed5f40000 - 0x00007ffed5f8a000 	C:\WINDOWS\System32\cfgmgr32.dll
0x0000000077070000 - 0x000000007707f000 	C:\Program Files\Java\jdk1.8.0_151\jre\bin\verify.dll
0x0000000075cb0000 - 0x0000000075cd9000 	C:\Program Files\Java\jdk1.8.0_151\jre\bin\java.dll
0x0000000077050000 - 0x0000000077066000 	C:\Program Files\Java\jdk1.8.0_151\jre\bin\zip.dll

VM Arguments:
jvm_args: -Dfile.encoding=windows-1252 -Duser.country=US -Duser.language=en -Duser.variant 
java_command: edu.eci.cosw.searchat.searchatapi.SearchatApiApplication
java_class_path (initial): C:\Users\carlos.sanchez-v\Downloads\Spring-Boot\build\classes\java\main;C:\Users\carlos.sanchez-v\Downloads\Spring-Boot\build\resources\main;C:\Users\carlos.sanchez-v\.gradle\caches\modules-2\files-2.1\io.jsonwebtoken\jjwt\0.6.0\3c8a7897b9ca31c83d3dd364be7f75ce5cd417d7\jjwt-0.6.0.jar;C:\Users\carlos.sanchez-v\.gradle\caches\modules-2\files-2.1\org.springframework.boot\spring-boot-starter-web\1.5.10.RELEASE\8bc445f3ee81e5322e46b28cbb33bca1800b69d9\spring-boot-starter-web-1.5.10.RELEASE.jar;C:\Users\carlos.sanchez-v\.gradle\caches\modules-2\files-2.1\com.fasterxml.jackson.core\jackson-databind\2.8.10\f7b83cb2bc4b88d53961e749e1ad32f49ef017b7\jackson-databind-2.8.10.jar;C:\Users\carlos.sanchez-v\.gradle\caches\modules-2\files-2.1\org.springframework.boot\spring-boot-starter\1.5.10.RELEASE\d935ac98f84c1d97d7ccd702d21abdc236fa7aa0\spring-boot-starter-1.5.10.RELEASE.jar;C:\Users\carlos.sanchez-v\.gradle\caches\modules-2\files-2.1\org.springframework.boot\spring-boot-starter-tomcat\1.5.10.RELEASE\11e474e265f1c68fc435dddbac42ab3574b5e4b6\spring-boot-starter-tomcat-1.5.10.RELEASE.jar;C:\Users\carlos.sanchez-v\.gradle\caches\modules-2\files-2.1\org.hibernate\hibernate-validator\5.3.6.Final\4c730be8bf55a8e9a61e79a2f2c079abf48b718\hibernate-validator-5.3.6.Final.jar;C:\Users\carlos.sanchez-v\.gradle\caches\modules-2\files-2.1\org.springframework\spring-webmvc\4.3.14.RELEASE\1571eab8a807005d424ca16fedd54b1f439787b2\spring-webmvc-4.3.14.RELEASE.jar;C:\Users\carlos.sanchez-v\.gradle\caches\modules-2\files-2.1\org.springframework\spring-web\4.3.14.RELEASE\a0c3bf3ad661db185675bd5af350f35ed11f0903\spring-web-4.3.14.RELEASE.jar;C:\Users\carlos.sanchez-v\.gradle\caches\modules-2\files-2.1\com.fasterxml.jackson.core\jackson-annotations\2.8.0\45b426f7796b741035581a176744d91090e2e6fb\jackson-annotations-2.8.0.jar;C:\Users\carlos.sanchez-v\.gradle\caches\modules-2\files-2.1\com.fasterxml.jackson.core\jackson-core\2.8.10\eb21a035c66ad307e66ec8fce37f5d50fd62d039\j
Launcher Type: SUN_STANDARD

Environment Variables:
JAVA_HOME=C:\Program Files\Java\jdk1.8.0_151
CLASSPATH=C:\Users\carlos.sanchez-v\Downloads\Spring-Boot\\gradle\wrapper\gradle-wrapper.jar
PATH=C:\Program Files\Haskell\bin;C:\Program Files\Haskell Platform\8.2.2\lib\extralibs\bin;C:\Program Files\Haskell Platform\8.2.2\bin;C:\ProgramData\Oracle\Java\javapath;C:\WINDOWS\system32;C:\WINDOWS;C:\WINDOWS\System32\Wbem;C:\WINDOWS\System32\WindowsPowerShell\v1.0\;C:\Program Files\Java\jdk1.8.0_151\bin;C:\Program Files\apache-maven-3.5.2\bin;C:\Program Files (x86)\NVIDIA Corporation\PhysX\Common;C:\Program Files\Git\cmd;C:\Program Files\nodejs\;C:\Gradle\gradle-4.5\bin;C:\Program Files\PuTTY\;C:\Program Files\Haskell Platform\8.2.2\mingw\bin;C:\Users\carlos.sanchez-v\AppData\Roaming\local\bin;C:\Users\carlos.sanchez-v\AppData\Roaming\cabal\bin;C:\Users\carlos.sanchez-v\AppData\Local\Microsoft\WindowsApps;C:\Users\carlos.sanchez-v\AppData\Roaming\npm;C:\Program Files\Microsoft VS Code\bin;C:\Users\carlos.sanchez-v\AppData\Local\Programs\radare2
USERNAME=carlos.sanchez-v
OS=Windows_NT
PROCESSOR_IDENTIFIER=Intel64 Family 6 Model 58 Stepping 9, GenuineIntel



---------------  S Y S T E M  ---------------

OS: Windows 10.0 , 64 bit Build 16299 (10.0.16299.15)

CPU:total 4 (initial active 4) (2 cores per cpu, 2 threads per core) family 6 model 58 stepping 9, cmov, cx8, fxsr, mmx, sse, sse2, sse3, ssse3, sse4.1, sse4.2, popcnt, avx, aes, clmul, erms, ht, tsc, tscinvbit, tscinv

Memory: 4k page, physical 8271408k(892316k free), swap 8271408k(10500k free)

vm_info: Java HotSpot(TM) 64-Bit Server VM (25.151-b12) for windows-amd64 JRE (1.8.0_151-b12), built on Sep  5 2017 19:33:46 by "java_re" with MS VC++ 10.0 (VS2010)

time: Fri Mar 23 18:34:05 2018
elapsed time: 0 seconds (0d 0h 0m 0s)

