#
# There is insufficient memory for the Java Runtime Environment to continue.
# Native memory allocation (malloc) failed to allocate 452944 bytes for Chunk::new
# Possible reasons:
#   The system is out of physical RAM or swap space
#   In 32 bit mode, the process size limit was hit
# Possible solutions:
#   Reduce memory load on the system
#   Increase physical memory or swap space
#   Check if swap backing store is full
#   Use 64 bit Java on a 64 bit OS
#   Decrease Java heap size (-Xmx/-Xms)
#   Decrease number of Java threads
#   Decrease Java thread stack sizes (-Xss)
#   Set larger code cache with -XX:ReservedCodeCacheSize=
# This output file may be truncated or incomplete.
#
#  Out of Memory Error (allocation.cpp:390), pid=9856, tid=0x00000000000017b4
#
# JRE version: Java(TM) SE Runtime Environment (8.0_151-b12) (build 1.8.0_151-b12)
# Java VM: Java HotSpot(TM) 64-Bit Server VM (25.151-b12 mixed mode windows-amd64 compressed oops)
# Failed to write core dump. Minidumps are not enabled by default on client versions of Windows
#

---------------  T H R E A D  ---------------

Current thread (0x00000000193b7000):  JavaThread "C2 CompilerThread1" daemon [_thread_in_native, id=6068, stack(0x000000001ab10000,0x000000001ac10000)]

Stack: [0x000000001ab10000,0x000000001ac10000]
[error occurred during error reporting (printing stack bounds), id 0xc0000005]

Native frames: (J=compiled Java code, j=interpreted, Vv=VM code, C=native code)


Current CompileTask:
C2:   1260  839       4       java.net.URLStreamHandler::parseURL (1193 bytes)


---------------  P R O C E S S  ---------------

Java Threads: ( => current thread )
  0x000000001b55c800 JavaThread "background-preinit" [_thread_in_vm, id=7904, stack(0x000000001c230000,0x000000001c330000)]
  0x000000001ad42800 JavaThread "Service Thread" daemon [_thread_blocked, id=6348, stack(0x000000001b110000,0x000000001b210000)]
  0x00000000193b9800 JavaThread "C1 CompilerThread2" daemon [_thread_blocked, id=10160, stack(0x000000001ac10000,0x000000001ad10000)]
=>0x00000000193b7000 JavaThread "C2 CompilerThread1" daemon [_thread_in_native, id=6068, stack(0x000000001ab10000,0x000000001ac10000)]
  0x00000000193b5000 JavaThread "C2 CompilerThread0" daemon [_thread_in_native, id=6208, stack(0x000000001aa10000,0x000000001ab10000)]
  0x00000000193b3000 JavaThread "Attach Listener" daemon [_thread_blocked, id=8724, stack(0x000000001a910000,0x000000001aa10000)]
  0x00000000193b2000 JavaThread "Signal Dispatcher" daemon [_thread_blocked, id=9752, stack(0x000000001a810000,0x000000001a910000)]
  0x0000000004879800 JavaThread "Finalizer" daemon [_thread_blocked, id=11280, stack(0x000000001a620000,0x000000001a720000)]
  0x0000000004874800 JavaThread "Reference Handler" daemon [_thread_blocked, id=5980, stack(0x000000001a520000,0x000000001a620000)]
  0x0000000004784000 JavaThread "main" [_thread_blocked, id=5720, stack(0x00000000044c0000,0x00000000045c0000)]

Other Threads:
  0x0000000019377800 VMThread [stack: 0x000000001a420000,0x000000001a520000] [id=8036]
  0x000000001ad56000 WatcherThread [stack: 0x000000001b210000,0x000000001b310000] [id=11504]

VM state:not at safepoint (normal execution)

VM Mutex/Monitor currently owned by a thread: None

Heap:
 PSYoungGen      total 38400K, used 32704K [0x00000000d5f00000, 0x00000000d8980000, 0x0000000100000000)
  eden space 33280K, 83% used [0x00000000d5f00000,0x00000000d7a0bfb8,0x00000000d7f80000)
  from space 5120K, 97% used [0x00000000d7f80000,0x00000000d8464078,0x00000000d8480000)
  to   space 5120K, 0% used [0x00000000d8480000,0x00000000d8480000,0x00000000d8980000)
 ParOldGen       total 87552K, used 8K [0x0000000081c00000, 0x0000000087180000, 0x00000000d5f00000)
  object space 87552K, 0% used [0x0000000081c00000,0x0000000081c02000,0x0000000087180000)
 Metaspace       used 13834K, capacity 13928K, committed 14080K, reserved 1060864K
  class space    used 1690K, capacity 1716K, committed 1792K, reserved 1048576K

Card table byte_map: [0x0000000013c40000,0x0000000014040000] byte_map_base: 0x0000000013832000

Marking Bits: (ParMarkBitMap*) 0x00000000753cd850
 Begin Bits: [0x00000000146f0000, 0x0000000016680000)
 End Bits:   [0x0000000016680000, 0x0000000018610000)

Polling page: 0x0000000002990000

CodeCache: size=245760Kb used=3339Kb max_used=3339Kb free=242420Kb
 bounds [0x0000000004880000, 0x0000000004bd0000, 0x0000000013880000]
 total_blobs=1208 nmethods=899 adapters=222
 compilation: enabled

Compilation events (10 events):
Event: 1.246 Thread 0x00000000193b9800  900       3       java.util.Hashtable$Enumerator::nextElement (111 bytes)
Event: 1.246 Thread 0x00000000193b9800 nmethod 900 0x0000000004bc3d50 code [0x0000000004bc3ee0, 0x0000000004bc4308]
Event: 1.250 Thread 0x00000000193b9800  901       2       java.util.ArrayList::ensureCapacityInternal (13 bytes)
Event: 1.251 Thread 0x00000000193b9800 nmethod 901 0x0000000004bc4b10 code [0x0000000004bc4c80, 0x0000000004bc4e28]
Event: 1.251 Thread 0x00000000193b9800  902       2       java.util.ArrayList::calculateCapacity (16 bytes)
Event: 1.251 Thread 0x00000000193b9800 nmethod 902 0x0000000004bc4f10 code [0x0000000004bc5060, 0x0000000004bc51d0]
Event: 1.251 Thread 0x00000000193b9800  904       2       java.util.ArrayList::add (29 bytes)
Event: 1.251 Thread 0x00000000193b9800 nmethod 904 0x0000000004bc5250 code [0x0000000004bc53c0, 0x0000000004bc5648]
Event: 1.251 Thread 0x00000000193b9800  903       2       java.util.ArrayList::ensureExplicitCapacity (26 bytes)
Event: 1.251 Thread 0x00000000193b9800 nmethod 903 0x0000000004bc57d0 code [0x0000000004bc5940, 0x0000000004bc5ac8]

GC Heap History (2 events):
Event: 0.949 GC heap before
{Heap before GC invocations=1 (full 0):
 PSYoungGen      total 38400K, used 33280K [0x00000000d5f00000, 0x00000000d8980000, 0x0000000100000000)
  eden space 33280K, 100% used [0x00000000d5f00000,0x00000000d7f80000,0x00000000d7f80000)
  from space 5120K, 0% used [0x00000000d8480000,0x00000000d8480000,0x00000000d8980000)
  to   space 5120K, 0% used [0x00000000d7f80000,0x00000000d7f80000,0x00000000d8480000)
 ParOldGen       total 87552K, used 0K [0x0000000081c00000, 0x0000000087180000, 0x00000000d5f00000)
  object space 87552K, 0% used [0x0000000081c00000,0x0000000081c00000,0x0000000087180000)
 Metaspace       used 9189K, capacity 9314K, committed 9472K, reserved 1056768K
  class space    used 1156K, capacity 1203K, committed 1280K, reserved 1048576K
Event: 0.954 GC heap after
Heap after GC invocations=1 (full 0):
 PSYoungGen      total 38400K, used 5008K [0x00000000d5f00000, 0x00000000d8980000, 0x0000000100000000)
  eden space 33280K, 0% used [0x00000000d5f00000,0x00000000d5f00000,0x00000000d7f80000)
  from space 5120K, 97% used [0x00000000d7f80000,0x00000000d8464078,0x00000000d8480000)
  to   space 5120K, 0% used [0x00000000d8480000,0x00000000d8480000,0x00000000d8980000)
 ParOldGen       total 87552K, used 8K [0x0000000081c00000, 0x0000000087180000, 0x00000000d5f00000)
  object space 87552K, 0% used [0x0000000081c00000,0x0000000081c02000,0x0000000087180000)
 Metaspace       used 9189K, capacity 9314K, committed 9472K, reserved 1056768K
  class space    used 1156K, capacity 1203K, committed 1280K, reserved 1048576K
}

Deoptimization events (10 events):
Event: 1.112 Thread 0x0000000004784000 Uncommon trap: reason=bimorphic action=maybe_recompile pc=0x0000000004b3ac84 method=java.util.HashMap.putVal(ILjava/lang/Object;Ljava/lang/Object;ZZ)Ljava/lang/Object; @ 253
Event: 1.112 Thread 0x0000000004784000 Uncommon trap: reason=bimorphic action=maybe_recompile pc=0x0000000004b3ac84 method=java.util.HashMap.putVal(ILjava/lang/Object;Ljava/lang/Object;ZZ)Ljava/lang/Object; @ 253
Event: 1.112 Thread 0x0000000004784000 Uncommon trap: reason=bimorphic action=maybe_recompile pc=0x0000000004b3ac84 method=java.util.HashMap.putVal(ILjava/lang/Object;Ljava/lang/Object;ZZ)Ljava/lang/Object; @ 253
Event: 1.112 Thread 0x0000000004784000 Uncommon trap: reason=bimorphic action=maybe_recompile pc=0x0000000004b3ac84 method=java.util.HashMap.putVal(ILjava/lang/Object;Ljava/lang/Object;ZZ)Ljava/lang/Object; @ 253
Event: 1.220 Thread 0x000000001b55c800 Uncommon trap: reason=unstable_if action=reinterpret pc=0x0000000004b5dea4 method=java.util.Properties$LineReader.readLine()I @ 252
Event: 1.222 Thread 0x000000001b55c800 Uncommon trap: reason=unstable_if action=reinterpret pc=0x0000000004ae9f2c method=java.util.Properties$LineReader.readLine()I @ 252
Event: 1.225 Thread 0x0000000004784000 Uncommon trap: reason=class_check action=maybe_recompile pc=0x0000000004b392fc method=java.util.regex.Pattern$CharProperty.match(Ljava/util/regex/Matcher;ILjava/lang/CharSequence;)Z @ 37
Event: 1.225 Thread 0x0000000004784000 Uncommon trap: reason=class_check action=maybe_recompile pc=0x0000000004b392fc method=java.util.regex.Pattern$CharProperty.match(Ljava/util/regex/Matcher;ILjava/lang/CharSequence;)Z @ 37
Event: 1.225 Thread 0x0000000004784000 Uncommon trap: reason=class_check action=maybe_recompile pc=0x0000000004b392fc method=java.util.regex.Pattern$CharProperty.match(Ljava/util/regex/Matcher;ILjava/lang/CharSequence;)Z @ 37
Event: 1.225 Thread 0x0000000004784000 Uncommon trap: reason=class_check action=maybe_recompile pc=0x0000000004b392fc method=java.util.regex.Pattern$CharProperty.match(Ljava/util/regex/Matcher;ILjava/lang/CharSequence;)Z @ 37

Internal exceptions (10 events):
Event: 1.036 Thread 0x0000000004784000 Exception <a 'java/lang/NoSuchMethodError': org.slf4j.impl.StaticMDCBinder.getSingleton()Lorg/slf4j/impl/StaticMDCBinder;> (0x00000000d67b3898) thrown at [C:\re\workspace\8-2-build-windows-amd64-cygwin\jdk8u151\9699\hotspot\src\share\vm\interpreter\linkRe
Event: 1.039 Thread 0x0000000004784000 Implicit null exception at 0x0000000004b22e95 to 0x0000000004b23091
Event: 1.040 Thread 0x0000000004784000 Implicit null exception at 0x0000000004ae58af to 0x0000000004ae5919
Event: 1.173 Thread 0x0000000004784000 Exception <a 'java/lang/ClassNotFoundException': java/lang/ObjectCustomizer> (0x00000000d7387210) thrown at [C:\re\workspace\8-2-build-windows-amd64-cygwin\jdk8u151\9699\hotspot\src\share\vm\classfile\systemDictionary.cpp, line 210]
Event: 1.175 Thread 0x0000000004784000 Exception <a 'java/lang/ClassNotFoundException': org/springframework/context/annotation/ConfigurationClassPostProcessorCustomizer> (0x00000000d739ad08) thrown at [C:\re\workspace\8-2-build-windows-amd64-cygwin\jdk8u151\9699\hotspot\src\share\vm\classfile\
Event: 1.176 Thread 0x0000000004784000 Exception <a 'java/lang/ClassNotFoundException': org/springframework/beans/factory/support/BeanDefinitionRegistryPostProcessorCustomizer> (0x00000000d73bd468) thrown at [C:\re\workspace\8-2-build-windows-amd64-cygwin\jdk8u151\9699\hotspot\src\share\vm\cla
Event: 1.177 Thread 0x0000000004784000 Exception <a 'java/lang/ClassNotFoundException': org/springframework/core/PriorityOrderedCustomizer> (0x00000000d73c9e88) thrown at [C:\re\workspace\8-2-build-windows-amd64-cygwin\jdk8u151\9699\hotspot\src\share\vm\classfile\systemDictionary.cpp, line 210
Event: 1.178 Thread 0x0000000004784000 Exception <a 'java/lang/ClassNotFoundException': org/springframework/context/ResourceLoaderAwareCustomizer> (0x00000000d74937d8) thrown at [C:\re\workspace\8-2-build-windows-amd64-cygwin\jdk8u151\9699\hotspot\src\share\vm\classfile\systemDictionary.cpp, l
Event: 1.178 Thread 0x0000000004784000 Exception <a 'java/lang/ClassNotFoundException': org/springframework/beans/factory/BeanClassLoaderAwareCustomizer> (0x00000000d74a2040) thrown at [C:\re\workspace\8-2-build-windows-amd64-cygwin\jdk8u151\9699\hotspot\src\share\vm\classfile\systemDictionary
Event: 1.180 Thread 0x0000000004784000 Exception <a 'java/lang/ClassNotFoundException': org/springframework/context/EnvironmentAwareCustomizer> (0x00000000d74af520) thrown at [C:\re\workspace\8-2-build-windows-amd64-cygwin\jdk8u151\9699\hotspot\src\share\vm\classfile\systemDictionary.cpp, line

Events (10 events):
Event: 1.257 loading class com/sun/org/apache/xerces/internal/xni/XMLDTDContentModelHandler
Event: 1.257 loading class com/sun/org/apache/xerces/internal/xni/XMLDTDContentModelHandler done
Event: 1.257 loading class com/sun/org/apache/xerces/internal/parsers/XMLParser
Event: 1.257 loading class org/springframework/asm/ModuleWriter
Event: 1.257 loading class org/springframework/asm/ModuleWriter done
Event: 1.257 loading class com/sun/org/apache/xerces/internal/parsers/XMLParser done
Event: 1.257 loading class com/sun/org/apache/xerces/internal/parsers/AbstractXMLDocumentParser done
Event: 1.257 loading class com/sun/org/apache/xerces/internal/parsers/AbstractSAXParser done
Event: 1.257 loading class com/sun/org/apache/xerces/internal/parsers/SAXParser done
Event: 1.257 loading class com/sun/org/apache/xerces/internal/jaxp/SAXParserImpl$JAXPSAXParser done


Dynamic libraries:
0x00007ff726790000 - 0x00007ff7267c7000 	C:\Program Files\Java\jdk1.8.0_151\bin\java.exe
0x00007ffed8bc0000 - 0x00007ffed8da0000 	C:\WINDOWS\SYSTEM32\ntdll.dll
0x00007ffed6250000 - 0x00007ffed62fe000 	C:\WINDOWS\System32\KERNEL32.DLL
0x00007ffed5cd0000 - 0x00007ffed5f36000 	C:\WINDOWS\System32\KERNELBASE.dll
0x00007ffed6950000 - 0x00007ffed69f1000 	C:\WINDOWS\System32\ADVAPI32.dll
0x00007ffed82d0000 - 0x00007ffed836d000 	C:\WINDOWS\System32\msvcrt.dll
0x00007ffed6790000 - 0x00007ffed67eb000 	C:\WINDOWS\System32\sechost.dll
0x00007ffed8a70000 - 0x00007ffed8b8f000 	C:\WINDOWS\System32\RPCRT4.dll
0x00007ffed6590000 - 0x00007ffed671f000 	C:\WINDOWS\System32\USER32.dll
0x00007ffed5070000 - 0x00007ffed5090000 	C:\WINDOWS\System32\win32u.dll
0x00007ffed6920000 - 0x00007ffed6948000 	C:\WINDOWS\System32\GDI32.dll
0x00007ffed57e0000 - 0x00007ffed5973000 	C:\WINDOWS\System32\gdi32full.dll
0x00007ffed5b50000 - 0x00007ffed5beb000 	C:\WINDOWS\System32\msvcp_win.dll
0x00007ffed5f90000 - 0x00007ffed6086000 	C:\WINDOWS\System32\ucrtbase.dll
0x00007ffecac50000 - 0x00007ffecaeb9000 	C:\WINDOWS\WinSxS\amd64_microsoft.windows.common-controls_6595b64144ccf1df_6.0.16299.309_none_15cfd4c4935e6b11\COMCTL32.dll
0x00007ffed7fc0000 - 0x00007ffed82c8000 	C:\WINDOWS\System32\combase.dll
0x00007ffed5c50000 - 0x00007ffed5cc2000 	C:\WINDOWS\System32\bcryptPrimitives.dll
0x00007ffed8370000 - 0x00007ffed839d000 	C:\WINDOWS\System32\IMM32.DLL
0x0000000075ce0000 - 0x0000000075db2000 	C:\Program Files\Java\jdk1.8.0_151\jre\bin\msvcr100.dll
0x0000000074bb0000 - 0x000000007544d000 	C:\Program Files\Java\jdk1.8.0_151\jre\bin\server\jvm.dll
0x00007ffed6910000 - 0x00007ffed6918000 	C:\WINDOWS\System32\PSAPI.DLL
0x00007ffec8b00000 - 0x00007ffec8b09000 	C:\WINDOWS\SYSTEM32\WSOCK32.dll
0x00007ffed6720000 - 0x00007ffed678c000 	C:\WINDOWS\System32\WS2_32.dll
0x00007ffecc0e0000 - 0x00007ffecc103000 	C:\WINDOWS\SYSTEM32\WINMM.dll
0x00007ffecd020000 - 0x00007ffecd02a000 	C:\WINDOWS\SYSTEM32\VERSION.dll
0x00007ffecbc30000 - 0x00007ffecbc5a000 	C:\WINDOWS\SYSTEM32\WINMMBASE.dll
0x00007ffed5f40000 - 0x00007ffed5f8a000 	C:\WINDOWS\System32\cfgmgr32.dll
0x0000000077070000 - 0x000000007707f000 	C:\Program Files\Java\jdk1.8.0_151\jre\bin\verify.dll
0x0000000075cb0000 - 0x0000000075cd9000 	C:\Program Files\Java\jdk1.8.0_151\jre\bin\java.dll
0x0000000077050000 - 0x0000000077066000 	C:\Program Files\Java\jdk1.8.0_151\jre\bin\zip.dll
0x00007ffed6ab0000 - 0x00007ffed7ee6000 	C:\WINDOWS\System32\SHELL32.dll
0x00007ffed6a00000 - 0x00007ffed6aa6000 	C:\WINDOWS\System32\shcore.dll
0x00007ffed5090000 - 0x00007ffed57d7000 	C:\WINDOWS\System32\windows.storage.dll
0x00007ffed6090000 - 0x00007ffed60e1000 	C:\WINDOWS\System32\shlwapi.dll
0x00007ffed4fa0000 - 0x00007ffed4fb1000 	C:\WINDOWS\System32\kernel.appcore.dll
0x00007ffed4f50000 - 0x00007ffed4f9c000 	C:\WINDOWS\System32\powrprof.dll
0x00007ffed4f10000 - 0x00007ffed4f2b000 	C:\WINDOWS\System32\profapi.dll
0x0000000075c60000 - 0x0000000075c6d000 	C:\Program Files\Java\jdk1.8.0_151\jre\bin\management.dll
0x0000000075c90000 - 0x0000000075caa000 	C:\Program Files\Java\jdk1.8.0_151\jre\bin\net.dll
0x00007ffed4740000 - 0x00007ffed47a6000 	C:\WINDOWS\system32\mswsock.dll
0x00007ffed2ef0000 - 0x00007ffed2f06000 	C:\WINDOWS\system32\napinsp.dll
0x00007ffed1dc0000 - 0x00007ffed1dda000 	C:\WINDOWS\system32\pnrpnsp.dll
0x00007ffed0500000 - 0x00007ffed0518000 	C:\WINDOWS\system32\NLAapi.dll
0x00007ffed4510000 - 0x00007ffed45c6000 	C:\WINDOWS\SYSTEM32\DNSAPI.dll
0x00007ffed6380000 - 0x00007ffed6388000 	C:\WINDOWS\System32\NSI.dll
0x00007ffed44d0000 - 0x00007ffed4509000 	C:\WINDOWS\SYSTEM32\IPHLPAPI.DLL
0x00007ffed2ee0000 - 0x00007ffed2eee000 	C:\WINDOWS\System32\winrnr.dll
0x00007ffed1da0000 - 0x00007ffed1db5000 	C:\WINDOWS\System32\wshbth.dll
0x00007ffecf2c0000 - 0x00007ffecf2ca000 	C:\Windows\System32\rasadhlp.dll
0x00007ffecf980000 - 0x00007ffecf9f0000 	C:\WINDOWS\System32\fwpuclnt.dll
0x00007ffed4a10000 - 0x00007ffed4a35000 	C:\WINDOWS\SYSTEM32\bcrypt.dll

VM Arguments:
jvm_args: -Dfile.encoding=windows-1252 -Duser.country=US -Duser.language=en -Duser.variant 
java_command: edu.eci.cosw.searchat.searchatapi.SearchatApiApplication
java_class_path (initial): C:\Users\carlos.sanchez-v\Downloads\Spring-Boot\build\classes\java\main;C:\Users\carlos.sanchez-v\Downloads\Spring-Boot\build\resources\main;C:\Users\carlos.sanchez-v\.gradle\caches\modules-2\files-2.1\io.jsonwebtoken\jjwt\0.6.0\3c8a7897b9ca31c83d3dd364be7f75ce5cd417d7\jjwt-0.6.0.jar;C:\Users\carlos.sanchez-v\.gradle\caches\modules-2\files-2.1\org.springframework.boot\spring-boot-starter-web\1.5.10.RELEASE\8bc445f3ee81e5322e46b28cbb33bca1800b69d9\spring-boot-starter-web-1.5.10.RELEASE.jar;C:\Users\carlos.sanchez-v\.gradle\caches\modules-2\files-2.1\com.fasterxml.jackson.core\jackson-databind\2.8.10\f7b83cb2bc4b88d53961e749e1ad32f49ef017b7\jackson-databind-2.8.10.jar;C:\Users\carlos.sanchez-v\.gradle\caches\modules-2\files-2.1\org.springframework.boot\spring-boot-starter\1.5.10.RELEASE\d935ac98f84c1d97d7ccd702d21abdc236fa7aa0\spring-boot-starter-1.5.10.RELEASE.jar;C:\Users\carlos.sanchez-v\.gradle\caches\modules-2\files-2.1\org.springframework.boot\spring-boot-starter-tomcat\1.5.10.RELEASE\11e474e265f1c68fc435dddbac42ab3574b5e4b6\spring-boot-starter-tomcat-1.5.10.RELEASE.jar;C:\Users\carlos.sanchez-v\.gradle\caches\modules-2\files-2.1\org.hibernate\hibernate-validator\5.3.6.Final\4c730be8bf55a8e9a61e79a2f2c079abf48b718\hibernate-validator-5.3.6.Final.jar;C:\Users\carlos.sanchez-v\.gradle\caches\modules-2\files-2.1\org.springframework\spring-webmvc\4.3.14.RELEASE\1571eab8a807005d424ca16fedd54b1f439787b2\spring-webmvc-4.3.14.RELEASE.jar;C:\Users\carlos.sanchez-v\.gradle\caches\modules-2\files-2.1\org.springframework\spring-web\4.3.14.RELEASE\a0c3bf3ad661db185675bd5af350f35ed11f0903\spring-web-4.3.14.RELEASE.jar;C:\Users\carlos.sanchez-v\.gradle\caches\modules-2\files-2.1\com.fasterxml.jackson.core\jackson-annotations\2.8.0\45b426f7796b741035581a176744d91090e2e6fb\jackson-annotations-2.8.0.jar;C:\Users\carlos.sanchez-v\.gradle\caches\modules-2\files-2.1\com.fasterxml.jackson.core\jackson-core\2.8.10\eb21a035c66ad307e66ec8fce37f5d50fd62d039\j
Launcher Type: SUN_STANDARD

Environment Variables:
JAVA_HOME=C:\Program Files\Java\jdk1.8.0_151
CLASSPATH=C:\Users\carlos.sanchez-v\Downloads\Spring-Boot\\gradle\wrapper\gradle-wrapper.jar
PATH=C:\Program Files\Haskell\bin;C:\Program Files\Haskell Platform\8.2.2\lib\extralibs\bin;C:\Program Files\Haskell Platform\8.2.2\bin;C:\ProgramData\Oracle\Java\javapath;C:\WINDOWS\system32;C:\WINDOWS;C:\WINDOWS\System32\Wbem;C:\WINDOWS\System32\WindowsPowerShell\v1.0\;C:\Program Files\Java\jdk1.8.0_151\bin;C:\Program Files\apache-maven-3.5.2\bin;C:\Program Files (x86)\NVIDIA Corporation\PhysX\Common;C:\Program Files\Git\cmd;C:\Program Files\nodejs\;C:\Gradle\gradle-4.5\bin;C:\Program Files\PuTTY\;C:\Program Files\Haskell Platform\8.2.2\mingw\bin;C:\Users\carlos.sanchez-v\AppData\Roaming\local\bin;C:\Users\carlos.sanchez-v\AppData\Roaming\cabal\bin;C:\Users\carlos.sanchez-v\AppData\Local\Microsoft\WindowsApps;C:\Users\carlos.sanchez-v\AppData\Roaming\npm;C:\Program Files\Microsoft VS Code\bin;C:\Users\carlos.sanchez-v\AppData\Local\Programs\radare2
USERNAME=carlos.sanchez-v
OS=Windows_NT
PROCESSOR_IDENTIFIER=Intel64 Family 6 Model 58 Stepping 9, GenuineIntel



---------------  S Y S T E M  ---------------

OS: Windows 10.0 , 64 bit Build 16299 (10.0.16299.15)

CPU:total 4 (initial active 4) (2 cores per cpu, 2 threads per core) family 6 model 58 stepping 9, cmov, cx8, fxsr, mmx, sse, sse2, sse3, ssse3, sse4.1, sse4.2, popcnt, avx, aes, clmul, erms, ht, tsc, tscinvbit, tscinv

Memory: 4k page, physical 8271408k(805488k free), swap 8271408k(5268k free)

vm_info: Java HotSpot(TM) 64-Bit Server VM (25.151-b12) for windows-amd64 JRE (1.8.0_151-b12), built on Sep  5 2017 19:33:46 by "java_re" with MS VC++ 10.0 (VS2010)

time: Fri Mar 23 18:25:05 2018
elapsed time: 1 seconds (0d 0h 0m 1s)

